2025-01-25 12:31:17.014 [info] [main] Log level: Info
2025-01-25 12:31:17.014 [info] [main] Validating found git in: "git"
2025-01-25 12:31:17.014 [info] [main] Using git "2.48.1" from "git"
2025-01-25 12:31:17.014 [info] [Model][doInitialScan] Initial repository scan started
2025-01-25 12:31:17.014 [info] > git rev-parse --show-toplevel [3ms]
2025-01-25 12:31:17.014 [info] fatal: not a git repository (or any parent up to mount point /)
Stopping at filesystem boundary (GIT_DISCOVERY_ACROSS_FILESYSTEM not set).
2025-01-25 12:31:17.024 [info] > git rev-parse --show-toplevel [1ms]
2025-01-25 12:31:17.024 [info] fatal: not a git repository (or any parent up to mount point /)
Stopping at filesystem boundary (GIT_DISCOVERY_ACROSS_FILESYSTEM not set).
2025-01-25 12:31:17.027 [info] > git rev-parse --show-toplevel [0ms]
2025-01-25 12:31:17.027 [info] fatal: not a git repository (or any parent up to mount point /)
Stopping at filesystem boundary (GIT_DISCOVERY_ACROSS_FILESYSTEM not set).
2025-01-25 12:31:17.031 [info] > git rev-parse --show-toplevel [1ms]
2025-01-25 12:31:17.031 [info] fatal: not a git repository (or any parent up to mount point /)
Stopping at filesystem boundary (GIT_DISCOVERY_ACROSS_FILESYSTEM not set).
2025-01-25 12:31:17.034 [info] > git rev-parse --show-toplevel [1ms]
2025-01-25 12:31:17.034 [info] fatal: not a git repository (or any parent up to mount point /)
Stopping at filesystem boundary (GIT_DISCOVERY_ACROSS_FILESYSTEM not set).
2025-01-25 12:31:17.037 [info] > git rev-parse --show-toplevel [1ms]
2025-01-25 12:31:17.037 [info] fatal: not a git repository (or any parent up to mount point /)
Stopping at filesystem boundary (GIT_DISCOVERY_ACROSS_FILESYSTEM not set).
2025-01-25 12:31:17.040 [info] > git rev-parse --show-toplevel [1ms]
2025-01-25 12:31:17.040 [info] fatal: not a git repository (or any parent up to mount point /)
Stopping at filesystem boundary (GIT_DISCOVERY_ACROSS_FILESYSTEM not set).
2025-01-25 12:31:17.043 [info] > git rev-parse --show-toplevel [1ms]
2025-01-25 12:31:17.043 [info] fatal: not a git repository (or any parent up to mount point /)
Stopping at filesystem boundary (GIT_DISCOVERY_ACROSS_FILESYSTEM not set).
2025-01-25 12:31:17.046 [info] > git rev-parse --show-toplevel [1ms]
2025-01-25 12:31:17.046 [info] fatal: not a git repository (or any parent up to mount point /)
Stopping at filesystem boundary (GIT_DISCOVERY_ACROSS_FILESYSTEM not set).
2025-01-25 12:31:17.049 [info] > git rev-parse --show-toplevel [1ms]
2025-01-25 12:31:17.049 [info] fatal: not a git repository (or any parent up to mount point /)
Stopping at filesystem boundary (GIT_DISCOVERY_ACROSS_FILESYSTEM not set).
2025-01-25 12:31:17.052 [info] > git rev-parse --show-toplevel [1ms]
2025-01-25 12:31:17.052 [info] fatal: not a git repository (or any parent up to mount point /)
Stopping at filesystem boundary (GIT_DISCOVERY_ACROSS_FILESYSTEM not set).
2025-01-25 12:31:17.055 [info] > git rev-parse --show-toplevel [1ms]
2025-01-25 12:31:17.055 [info] fatal: not a git repository (or any parent up to mount point /)
Stopping at filesystem boundary (GIT_DISCOVERY_ACROSS_FILESYSTEM not set).
2025-01-25 12:31:17.058 [info] > git rev-parse --show-toplevel [1ms]
2025-01-25 12:31:17.058 [info] fatal: not a git repository (or any parent up to mount point /)
Stopping at filesystem boundary (GIT_DISCOVERY_ACROSS_FILESYSTEM not set).
2025-01-25 12:31:17.061 [info] > git rev-parse --show-toplevel [1ms]
2025-01-25 12:31:17.061 [info] fatal: not a git repository (or any parent up to mount point /)
Stopping at filesystem boundary (GIT_DISCOVERY_ACROSS_FILESYSTEM not set).
2025-01-25 12:31:17.062 [info] [Model][doInitialScan] Initial repository scan completed - repositories (0), closed repositories (0), parent repositories (0), unsafe repositories (0)
2025-01-25 12:31:18.620 [info] > git rev-parse --show-toplevel [1ms]
2025-01-25 12:31:18.620 [info] fatal: not a git repository (or any parent up to mount point /)
Stopping at filesystem boundary (GIT_DISCOVERY_ACROSS_FILESYSTEM not set).
2025-01-25 12:31:26.570 [info] > git rev-parse --show-toplevel [1ms]
2025-01-25 12:31:26.570 [info] fatal: not a git repository (or any parent up to mount point /)
Stopping at filesystem boundary (GIT_DISCOVERY_ACROSS_FILESYSTEM not set).
2025-01-25 12:31:27.409 [info] > git rev-parse --show-toplevel [5ms]
2025-01-25 12:31:27.409 [info] fatal: not a git repository (or any parent up to mount point /)
Stopping at filesystem boundary (GIT_DISCOVERY_ACROSS_FILESYSTEM not set).
2025-01-25 12:31:55.218 [info] > git rev-parse --show-toplevel [0ms]
2025-01-25 12:31:55.218 [info] fatal: not a git repository (or any parent up to mount point /)
Stopping at filesystem boundary (GIT_DISCOVERY_ACROSS_FILESYSTEM not set).
2025-01-25 12:32:19.349 [info] > git rev-parse --show-toplevel [0ms]
2025-01-25 12:32:19.349 [info] fatal: not a git repository (or any parent up to mount point /)
Stopping at filesystem boundary (GIT_DISCOVERY_ACROSS_FILESYSTEM not set).
2025-01-25 12:32:47.234 [info] > git rev-parse --show-toplevel [1ms]
2025-01-25 12:32:47.234 [info] fatal: not a git repository (or any parent up to mount point /)
Stopping at filesystem boundary (GIT_DISCOVERY_ACROSS_FILESYSTEM not set).
2025-01-25 12:32:48.457 [info] > git rev-parse --show-toplevel [1ms]
2025-01-25 12:32:48.457 [info] fatal: not a git repository (or any parent up to mount point /)
Stopping at filesystem boundary (GIT_DISCOVERY_ACROSS_FILESYSTEM not set).
2025-01-25 12:33:19.717 [info] > git rev-parse --show-toplevel [1ms]
2025-01-25 12:33:19.717 [info] fatal: not a git repository (or any parent up to mount point /)
Stopping at filesystem boundary (GIT_DISCOVERY_ACROSS_FILESYSTEM not set).
2025-01-25 12:33:20.772 [info] > git rev-parse --show-toplevel [1ms]
2025-01-25 12:33:20.772 [info] fatal: not a git repository (or any parent up to mount point /)
Stopping at filesystem boundary (GIT_DISCOVERY_ACROSS_FILESYSTEM not set).
2025-01-25 12:34:25.868 [info] > git rev-parse --show-toplevel [0ms]
2025-01-25 12:34:25.868 [info] fatal: not a git repository (or any parent up to mount point /)
Stopping at filesystem boundary (GIT_DISCOVERY_ACROSS_FILESYSTEM not set).
2025-01-25 12:34:46.104 [info] > git rev-parse --show-toplevel [0ms]
2025-01-25 12:34:46.104 [info] fatal: not a git repository (or any parent up to mount point /)
Stopping at filesystem boundary (GIT_DISCOVERY_ACROSS_FILESYSTEM not set).
2025-01-25 12:34:46.852 [info] > git rev-parse --show-toplevel [0ms]
2025-01-25 12:34:46.852 [info] fatal: not a git repository (or any parent up to mount point /)
Stopping at filesystem boundary (GIT_DISCOVERY_ACROSS_FILESYSTEM not set).
2025-01-25 12:34:48.249 [info] > git rev-parse --show-toplevel [1ms]
2025-01-25 12:34:48.249 [info] fatal: not a git repository (or any parent up to mount point /)
Stopping at filesystem boundary (GIT_DISCOVERY_ACROSS_FILESYSTEM not set).
2025-01-25 12:35:00.620 [info] > git rev-parse --show-toplevel [1ms]
2025-01-25 12:35:00.620 [info] fatal: not a git repository (or any parent up to mount point /)
Stopping at filesystem boundary (GIT_DISCOVERY_ACROSS_FILESYSTEM not set).
2025-01-25 12:35:36.392 [info] > git rev-parse --show-toplevel [1ms]
2025-01-25 12:35:36.392 [info] fatal: not a git repository (or any parent up to mount point /)
Stopping at filesystem boundary (GIT_DISCOVERY_ACROSS_FILESYSTEM not set).
2025-01-25 12:35:36.968 [info] > git rev-parse --show-toplevel [2ms]
2025-01-25 12:35:36.968 [info] fatal: not a git repository (or any parent up to mount point /)
Stopping at filesystem boundary (GIT_DISCOVERY_ACROSS_FILESYSTEM not set).
2025-01-25 12:35:45.133 [info] > git rev-parse --show-toplevel [1ms]
2025-01-25 12:35:45.133 [info] fatal: not a git repository (or any parent up to mount point /)
Stopping at filesystem boundary (GIT_DISCOVERY_ACROSS_FILESYSTEM not set).
2025-01-25 12:35:47.203 [info] > git rev-parse --show-toplevel [1ms]
2025-01-25 12:35:47.203 [info] fatal: not a git repository (or any parent up to mount point /)
Stopping at filesystem boundary (GIT_DISCOVERY_ACROSS_FILESYSTEM not set).
