2025-02-02 12:24:09.832 [info] Experiment 'pythonRecommendTensorboardExt' is active
2025-02-02 12:24:09.832 [info] Experiment 'pythonSurveyNotificationcf' is active
2025-02-02 12:24:09.832 [info] Experiment 'pythonTerminalEnvVarActivation' is active
2025-02-02 12:24:09.832 [info] Experiment 'pythonTestAdapter' is active
2025-02-02 12:24:09.832 [warning] Dir "/home/nik/Documents/.pixi/envs" is not watchable (directory does not exist)
2025-02-02 12:24:09.839 [info] > pyenv which python
2025-02-02 12:24:09.839 [info] cwd: .
2025-02-02 12:24:09.858 [info] > conda info --json
2025-02-02 12:24:09.874 [info] > ./python_env/jupyter_env/bin/python3.13 -I ~/.vscode/extensions/ms-python.python-2024.22.2-linux-x64/python_files/get_output_via_markers.py ~/.vscode/extensions/ms-python.python-2024.22.2-linux-x64/python_files/interpreterInfo.py
2025-02-02 12:24:09.905 [info] Python interpreter path: ./python_env/jupyter_env/bin/python3.13
2025-02-02 12:24:10.003 [info] > . ./python_env/jupyter_env/bin/activate && echo 'e8b39361-0157-4923-80e1-22d70d46dee6' && python ~/.vscode/extensions/ms-python.python-2024.22.2-linux-x64/python_files/printEnvVariables.py
2025-02-02 12:24:10.003 [info] shell: zsh
2025-02-02 12:24:10.007 [info] > . ./python_env/jupyter_env/bin/activate && echo 'e8b39361-0157-4923-80e1-22d70d46dee6' && python ~/.vscode/extensions/ms-python.python-2024.22.2-linux-x64/python_files/printEnvVariables.py
2025-02-02 12:24:10.007 [info] shell: bash
2025-02-02 12:24:10.011 [info] > . ./python_env/jupyter_env/bin/activate && echo 'e8b39361-0157-4923-80e1-22d70d46dee6' && python ~/.vscode/extensions/ms-python.python-2024.22.2-linux-x64/python_files/printEnvVariables.py
2025-02-02 12:24:10.011 [info] shell: bash
2025-02-02 12:24:10.048 [info] > /bin/python ~/.vscode/extensions/ms-python.python-2024.22.2-linux-x64/python_files/printEnvVariables.py
2025-02-02 12:24:10.048 [info] shell: zsh
2025-02-02 12:24:10.069 [info] Prepending environment variable PATH in collection with /home/nik/.vscode/extensions/ms-python.python-2024.22.2-linux-x64/python_files/deactivate/zsh:/home/nik/Documents/python_env/jupyter_env/bin: {"applyAtShellIntegration":true,"applyAtProcessCreation":true}
2025-02-02 12:24:10.069 [info] Setting environment variable VIRTUAL_ENV in collection to /home/nik/Documents/python_env/jupyter_env {"applyAtShellIntegration":true,"applyAtProcessCreation":true}
2025-02-02 12:24:10.069 [info] Setting environment variable VIRTUAL_ENV_PROMPT in collection to jupyter_env {"applyAtShellIntegration":true,"applyAtProcessCreation":true}
2025-02-02 12:24:10.069 [info] Prepending environment variable PS1 in collection with jupyter_env {"applyAtShellIntegration":true,"applyAtProcessCreation":false}
2025-02-02 12:24:10.070 [info] Send text to terminal: /bin/python /home/nik/.vscode/extensions/ms-python.python-2024.22.2-linux-x64/python_files/printEnvVariablesToFile.py /home/nik/.vscode/extensions/ms-python.python-2024.22.2-linux-x64/python_files/deactivate/zsh/envVars.txt
2025-02-02 12:24:10.918 [info] Starting Pylance language server.
2025-02-02 12:24:15.989 [info] Starting Environment refresh
2025-02-02 12:24:15.989 [info] Searching for interpreters in posix paths locator
2025-02-02 12:24:15.989 [info] Searching for pyenv environments
2025-02-02 12:24:15.989 [info] Searching for conda environments
2025-02-02 12:24:15.990 [info] Searching for global virtual environments
2025-02-02 12:24:15.990 [info] Searching for custom virtual environments
2025-02-02 12:24:15.994 [info] > hatch env show --json
2025-02-02 12:24:15.994 [info] cwd: .
2025-02-02 12:24:15.995 [info] pyenv is not installed
2025-02-02 12:24:15.996 [info] Finished searching for pyenv environments: 6 milliseconds
2025-02-02 12:24:15.996 [info] Finished searching for custom virtual envs: 7 milliseconds
2025-02-02 12:24:15.997 [info] Finished searching for global virtual envs: 8 milliseconds
2025-02-02 12:24:15.999 [info] Found: /bin/python --> /bin/python3.13
2025-02-02 12:24:15.999 [info] Found: /bin/python3 --> /bin/python3.13
2025-02-02 12:24:15.999 [info] Found: /bin/python3.13 --> /bin/python3.13
2025-02-02 12:24:16.012 [info] > /bin/python -I ~/.vscode/extensions/ms-python.python-2024.22.2-linux-x64/python_files/get_output_via_markers.py ~/.vscode/extensions/ms-python.python-2024.22.2-linux-x64/python_files/interpreterInfo.py
2025-02-02 12:24:16.012 [info] Found: /sbin/python --> /sbin/python3.13
2025-02-02 12:24:16.012 [info] Found: /sbin/python3 --> /sbin/python3.13
2025-02-02 12:24:16.012 [info] Found: /sbin/python3.13 --> /sbin/python3.13
2025-02-02 12:24:16.014 [info] Found: /usr/bin/python --> /usr/bin/python3.13
2025-02-02 12:24:16.014 [info] Found: /usr/bin/python3 --> /usr/bin/python3.13
2025-02-02 12:24:16.014 [info] Found: /usr/bin/python3.13 --> /usr/bin/python3.13
2025-02-02 12:24:16.024 [info] Found: /usr/sbin/python --> /usr/sbin/python3.13
2025-02-02 12:24:16.024 [info] Found: /usr/sbin/python3 --> /usr/sbin/python3.13
2025-02-02 12:24:16.024 [info] Found: /usr/sbin/python3.13 --> /usr/sbin/python3.13
2025-02-02 12:24:16.031 [info] > /sbin/python -I ~/.vscode/extensions/ms-python.python-2024.22.2-linux-x64/python_files/get_output_via_markers.py ~/.vscode/extensions/ms-python.python-2024.22.2-linux-x64/python_files/interpreterInfo.py
2025-02-02 12:24:16.037 [info] Finished searching for interpreters in posix paths locator: 46 milliseconds
2025-02-02 12:24:16.037 [info] > /usr/bin/python -I ~/.vscode/extensions/ms-python.python-2024.22.2-linux-x64/python_files/get_output_via_markers.py ~/.vscode/extensions/ms-python.python-2024.22.2-linux-x64/python_files/interpreterInfo.py
2025-02-02 12:24:16.041 [info] Environments refresh paths discovered (event): 53 milliseconds
2025-02-02 12:24:16.041 [info] Environments refresh paths discovered: 53 milliseconds
2025-02-02 12:24:16.057 [info] > /usr/sbin/python -I ~/.vscode/extensions/ms-python.python-2024.22.2-linux-x64/python_files/get_output_via_markers.py ~/.vscode/extensions/ms-python.python-2024.22.2-linux-x64/python_files/interpreterInfo.py
2025-02-02 12:24:16.079 [info] Environments refresh finished (event): 91 milliseconds
2025-02-02 12:24:16.082 [info] Environment refresh took 95 milliseconds
2025-02-02 12:24:40.071 [error] Failed to initialize deactivate script /usr/bin/zsh [Error: "/home/nik/.vscode/extensions/ms-python.python-2024.22.2-linux-x64/python_files/deactivate/zsh/envVars.txt" file not created
	at Timeout.<anonymous> (/home/nik/.vscode/extensions/ms-python.python-2024.22.2-linux-x64/out/client/extension.js:2:313536)
	at listOnTimeout (node:internal/timers:581:17)
	at process.processTimers (node:internal/timers:519:7)]
