Visual Studio Code (1.96.4, undefined, desktop)
Jupyter Extension Version: 2024.11.0.
Python Extension Version: 2025.0.0.
Pylance Extension Version: 2025.2.1.
Platform: linux (x64).
Temp Storage folder ~/.config/Code/User/globalStorage/ms-toolsai.jupyter/version-2024.11.0
Workspace folder ~/Documents, Home = /home/nik
15:25:40.608 [info] Starting Kernel (Python Path: ~/Documents/python_env/jupyter_env/bin/python3.13, Venv, 3.13.1) for '~/Documents/test.ipynb' (disableUI=true)
15:25:40.691 [info] Process Execution: ~/Documents/python_env/jupyter_env/bin/python3.13 -m pip list
15:25:40.707 [info] Process Execution: ~/Documents/python_env/jupyter_env/bin/python3.13 -c "import ipykernel; print(ipykernel.__version__); print("5dc3a68c-e34e-4080-9c3e-2a532b2ccb4d"); print(ipykernel.__file__)"
15:25:40.714 [info] Process Execution: ~/Documents/python_env/jupyter_env/bin/python3.13 -m ipykernel_launcher --f=/home/~/.local/share/jupyter/runtime/kernel-v34a768ed9f4a5db57b2825dabb98ebb13de6b9793.json
    > cwd: //home/~/Documents
15:25:41.595 [info] Kernel successfully started
15:25:41.602 [info] Process Execution: ~/Documents/python_env/jupyter_env/bin/python3.13 /home/~/.vscode/extensions/ms-toolsai.jupyter-2024.11.0-linux-x64/pythonFiles/printJupyterDataDir.py
15:25:44.700 [info] Dispose Kernel '~/Documents/test.ipynb' associated with '~/Documents/test.ipynb'
15:25:44.718 [warn] Failed to delete connection file file:///home/~/.local/share/jupyter/runtime/kernel-v34a768ed9f4a5db57b2825dabb98ebb13de6b9793.json for pid 41809 [Canceled (FileSystemError): Canceled
	at Qi.e (file:///opt/visual-studio-code/resources/app/out/vs/workbench/api/node/extensionHostProcess.js:115:9853)
	at Object.stat (file:///opt/visual-studio-code/resources/app/out/vs/workbench/api/node/extensionHostProcess.js:115:7007)
	at async Bc.delete (/home/~/.vscode/extensions/ms-toolsai.jupyter-2024.11.0-linux-x64/dist/extension.node.js:239:15448)
	at async /home/~/.vscode/extensions/ms-toolsai.jupyter-2024.11.0-linux-x64/dist/extension.node.js:303:469] {
  code: 'Unknown'
}
