2025-02-16 15:25:38.455 [info] Experiment 'pythonRecommendTensorboardExt' is active
2025-02-16 15:25:38.455 [info] Experiment 'pythonSurveyNotificationcf' is active
2025-02-16 15:25:38.455 [info] Experiment 'pythonTerminalEnvVarActivation' is active
2025-02-16 15:25:38.455 [info] Experiment 'pythonTestAdapter' is active
2025-02-16 15:25:38.455 [warning] Dir "/home/nik/Documents/.pixi/envs" is not watchable (directory does not exist)
2025-02-16 15:25:38.455 [info] Python interpreter path: ./python_env/jupyter_env/bin/python3.13
2025-02-16 15:25:38.467 [info] > pyenv which python
2025-02-16 15:25:38.467 [info] cwd: .
2025-02-16 15:25:38.669 [info] > conda info --json
2025-02-16 15:25:38.945 [info] > . ./python_env/jupyter_env/bin/activate && echo 'e8b39361-0157-4923-80e1-22d70d46dee6' && python ~/.vscode/extensions/ms-python.python-2025.0.0-linux-x64/python_files/printEnvVariables.py
2025-02-16 15:25:38.945 [info] shell: zsh
2025-02-16 15:25:38.994 [info] > /bin/python ~/.vscode/extensions/ms-python.python-2025.0.0-linux-x64/python_files/printEnvVariables.py
2025-02-16 15:25:38.994 [info] shell: zsh
2025-02-16 15:25:39.035 [info] Prepending environment variable PATH in collection with /home/nik/.vscode/extensions/ms-python.python-2025.0.0-linux-x64/python_files/deactivate/zsh:/home/nik/Documents/python_env/jupyter_env/bin: {"applyAtShellIntegration":true,"applyAtProcessCreation":true}
2025-02-16 15:25:39.035 [info] Setting environment variable VIRTUAL_ENV in collection to /home/nik/Documents/python_env/jupyter_env {"applyAtShellIntegration":true,"applyAtProcessCreation":true}
2025-02-16 15:25:39.035 [info] Setting environment variable VIRTUAL_ENV_PROMPT in collection to jupyter_env {"applyAtShellIntegration":true,"applyAtProcessCreation":true}
2025-02-16 15:25:39.035 [info] Prepending environment variable PS1 in collection with jupyter_env {"applyAtShellIntegration":true,"applyAtProcessCreation":false}
2025-02-16 15:25:39.036 [info] Send text to terminal: /bin/python /home/nik/.vscode/extensions/ms-python.python-2025.0.0-linux-x64/python_files/printEnvVariablesToFile.py /home/nik/.vscode/extensions/ms-python.python-2025.0.0-linux-x64/python_files/deactivate/zsh/envVars.txt
2025-02-16 15:25:39.421 [info] Starting Pylance language server.
2025-02-16 15:25:40.544 [info] Starting Environment refresh
2025-02-16 15:25:40.544 [info] Searching for interpreters in posix paths locator
2025-02-16 15:25:40.545 [info] Searching for pyenv environments
2025-02-16 15:25:40.545 [info] Searching for conda environments
2025-02-16 15:25:40.545 [info] Searching for global virtual environments
2025-02-16 15:25:40.545 [info] Searching for custom virtual environments
2025-02-16 15:25:40.550 [info] > hatch env show --json
2025-02-16 15:25:40.550 [info] cwd: .
2025-02-16 15:25:40.552 [info] pyenv is not installed
2025-02-16 15:25:40.552 [info] Finished searching for pyenv environments: 7 milliseconds
2025-02-16 15:25:40.553 [info] Finished searching for custom virtual envs: 8 milliseconds
2025-02-16 15:25:40.598 [info] Finished searching for global virtual envs: 53 milliseconds
2025-02-16 15:25:40.622 [info] Found: /bin/python --> /bin/python3.13
2025-02-16 15:25:40.630 [info] Found: /bin/python3 --> /bin/python3.13
2025-02-16 15:25:40.635 [info] Found: /bin/python3.13 --> /bin/python3.13
2025-02-16 15:25:40.646 [info] > . ./python_env/jupyter_env/bin/activate && echo 'e8b39361-0157-4923-80e1-22d70d46dee6' && python ~/.vscode/extensions/ms-python.python-2025.0.0-linux-x64/python_files/printEnvVariables.py
2025-02-16 15:25:40.646 [info] shell: bash
2025-02-16 15:25:40.662 [info] > . ./python_env/jupyter_env/bin/activate && echo 'e8b39361-0157-4923-80e1-22d70d46dee6' && python ~/.vscode/extensions/ms-python.python-2025.0.0-linux-x64/python_files/printEnvVariables.py
2025-02-16 15:25:40.662 [info] shell: bash
2025-02-16 15:25:40.683 [info] > ./python_env/jupyter_env/bin/python3.13 -I ~/.vscode/extensions/ms-python.python-2025.0.0-linux-x64/python_files/get_output_via_markers.py ~/.vscode/extensions/ms-python.python-2025.0.0-linux-x64/python_files/interpreterInfo.py
2025-02-16 15:25:40.691 [info] Found: /sbin/python --> /sbin/python3.13
2025-02-16 15:25:40.692 [info] Found: /sbin/python3 --> /sbin/python3.13
2025-02-16 15:25:40.692 [info] Found: /sbin/python3.13 --> /sbin/python3.13
2025-02-16 15:25:40.696 [info] Found: /usr/bin/python --> /usr/bin/python3.13
2025-02-16 15:25:40.697 [info] Found: /usr/bin/python3 --> /usr/bin/python3.13
2025-02-16 15:25:40.697 [info] Found: /usr/bin/python3.13 --> /usr/bin/python3.13
2025-02-16 15:25:40.739 [info] Found: /usr/sbin/python --> /usr/sbin/python3.13
2025-02-16 15:25:40.740 [info] Found: /usr/sbin/python3 --> /usr/sbin/python3.13
2025-02-16 15:25:40.740 [info] Found: /usr/sbin/python3.13 --> /usr/sbin/python3.13
2025-02-16 15:25:40.751 [info] > /bin/python -I ~/.vscode/extensions/ms-python.python-2025.0.0-linux-x64/python_files/get_output_via_markers.py ~/.vscode/extensions/ms-python.python-2025.0.0-linux-x64/python_files/interpreterInfo.py
2025-02-16 15:25:40.765 [info] > /sbin/python -I ~/.vscode/extensions/ms-python.python-2025.0.0-linux-x64/python_files/get_output_via_markers.py ~/.vscode/extensions/ms-python.python-2025.0.0-linux-x64/python_files/interpreterInfo.py
2025-02-16 15:25:40.774 [info] Finished searching for interpreters in posix paths locator: 230 milliseconds
2025-02-16 15:25:40.778 [info] Environments refresh paths discovered (event): 234 milliseconds
2025-02-16 15:25:40.778 [info] Environments refresh paths discovered: 234 milliseconds
2025-02-16 15:25:40.807 [info] > /usr/bin/python -I ~/.vscode/extensions/ms-python.python-2025.0.0-linux-x64/python_files/get_output_via_markers.py ~/.vscode/extensions/ms-python.python-2025.0.0-linux-x64/python_files/interpreterInfo.py
2025-02-16 15:25:40.828 [info] > /usr/sbin/python -I ~/.vscode/extensions/ms-python.python-2025.0.0-linux-x64/python_files/get_output_via_markers.py ~/.vscode/extensions/ms-python.python-2025.0.0-linux-x64/python_files/interpreterInfo.py
2025-02-16 15:25:40.869 [info] Environments refresh finished (event): 325 milliseconds
2025-02-16 15:25:40.878 [info] Environment refresh took 335 milliseconds
