2025-02-16 15:25:39.314 [info] (Client) Pylance async client (2025.2.1) started with python extension (2025.0.0)
2025-02-16 15:25:39.405 [info] [Info  - 3:25:39 PM] (41664) Server root directory: file:///home/nik/.vscode/extensions/ms-python.vscode-pylance-2025.2.1/dist
2025-02-16 15:25:39.406 [info] [Info  - 3:25:39 PM] (41664) Pylance language server 2025.2.1 (pyright version 1.1.393, commit 3763156f) starting
2025-02-16 15:25:39.406 [info] [Info  - 3:25:39 PM] (41664) Starting service instance "Documents"
2025-02-16 15:25:39.448 [info] [Info  - 3:25:39 PM] (41664) Setting environmentName for service "Documents": "3.13.1 (jupyter_env venv)"
2025-02-16 15:25:39.448 [info] [Info  - 3:25:39 PM] (41664) Setting pythonPath for service "Documents": "/home/nik/Documents/python_env/jupyter_env/bin/python3.13"
2025-02-16 15:25:39.449 [info] [Info  - 3:25:39 PM] (41664) No include entries specified; assuming /home/nik/Documents
2025-02-16 15:25:39.449 [info] [Info  - 3:25:39 PM] (41664) Auto-excluding **/node_modules
2025-02-16 15:25:39.449 [info] [Info  - 3:25:39 PM] (41664) Auto-excluding **/__pycache__
2025-02-16 15:25:39.450 [info] [Info  - 3:25:39 PM] (41664) Auto-excluding **/.*
2025-02-16 15:25:39.474 [info] [Info  - 3:25:39 PM] (41664) Assuming Python version 3.13.1.final.0
2025-02-16 15:25:39.548 [info] [Info  - 3:25:39 PM] (41664) Auto-excluding /home/nik/Documents/python_env/jupyter_env
2025-02-16 15:25:39.550 [info] [Info  - 3:25:39 PM] (41664) Found 2 source files
2025-02-16 15:25:40.078 [info] [Info  - 3:25:40 PM] (41664) Background analysis(1) root directory: file:///home/nik/.vscode/extensions/ms-python.vscode-pylance-2025.2.1/dist
2025-02-16 15:25:40.081 [info] [Info  - 3:25:40 PM] (41664) Background analysis(1) started
2025-02-16 15:25:40.195 [info] [Info  - 3:25:40 PM] (41664) Indexer background runner(2) root directory: file:///home/nik/.vscode/extensions/ms-python.vscode-pylance-2025.2.1/dist (index)
2025-02-16 15:25:40.195 [info] [Info  - 3:25:40 PM] (41664) Indexing(2) started
2025-02-16 15:25:40.491 [info] [Info  - 3:25:40 PM] (41664) scanned(2) 35 files over 1 exec env
2025-02-16 15:25:41.316 [info] [Info  - 3:25:41 PM] (41664) indexed(2) 35 files over 1 exec env
2025-02-16 15:25:41.337 [info] [Info  - 3:25:41 PM] (41664) Indexing finished(2).
