2025-01-23 17:37:01.839 [info] [main] Log level: Info
2025-01-23 17:37:01.839 [info] [main] Validating found git in: "git"
2025-01-23 17:37:01.839 [info] [main] Using git "2.48.1" from "git"
2025-01-23 17:37:01.839 [info] [Model][doInitialScan] Initial repository scan started
2025-01-23 17:37:01.839 [info] > git rev-parse --show-toplevel [153ms]
2025-01-23 17:37:01.839 [info] fatal: not a git repository (or any parent up to mount point /)
Stopping at filesystem boundary (GIT_DISCOVERY_ACROSS_FILESYSTEM not set).
2025-01-23 17:37:01.839 [info] > git rev-parse --show-toplevel [4ms]
2025-01-23 17:37:01.839 [info] fatal: not a git repository (or any parent up to mount point /)
Stopping at filesystem boundary (GIT_DISCOVERY_ACROSS_FILESYSTEM not set).
2025-01-23 17:37:01.842 [info] > git rev-parse --show-toplevel [5ms]
2025-01-23 17:37:01.842 [info] fatal: not a git repository (or any parent up to mount point /)
Stopping at filesystem boundary (GIT_DISCOVERY_ACROSS_FILESYSTEM not set).
2025-01-23 17:37:01.843 [info] [Model][doInitialScan] Initial repository scan completed - repositories (0), closed repositories (0), parent repositories (0), unsafe repositories (0)
2025-01-23 17:37:01.883 [info] > git rev-parse --show-toplevel [2ms]
2025-01-23 17:37:01.883 [info] fatal: not a git repository (or any parent up to mount point /)
Stopping at filesystem boundary (GIT_DISCOVERY_ACROSS_FILESYSTEM not set).
2025-01-23 17:37:02.125 [info] > git rev-parse --show-toplevel [1ms]
2025-01-23 17:37:02.125 [info] fatal: not a git repository (or any parent up to mount point /)
Stopping at filesystem boundary (GIT_DISCOVERY_ACROSS_FILESYSTEM not set).
2025-01-23 17:37:04.713 [info] > git rev-parse --show-toplevel [1ms]
2025-01-23 17:37:04.713 [info] fatal: not a git repository (or any parent up to mount point /)
Stopping at filesystem boundary (GIT_DISCOVERY_ACROSS_FILESYSTEM not set).
2025-01-23 17:37:08.925 [info] > git rev-parse --show-toplevel [1ms]
2025-01-23 17:37:08.925 [info] fatal: not a git repository (or any parent up to mount point /)
Stopping at filesystem boundary (GIT_DISCOVERY_ACROSS_FILESYSTEM not set).
2025-01-23 17:37:10.253 [info] > git rev-parse --show-toplevel [1ms]
2025-01-23 17:37:10.253 [info] fatal: not a git repository (or any parent up to mount point /)
Stopping at filesystem boundary (GIT_DISCOVERY_ACROSS_FILESYSTEM not set).
2025-01-23 17:40:34.142 [info] > git rev-parse --show-toplevel [0ms]
2025-01-23 17:40:34.142 [info] fatal: not a git repository (or any parent up to mount point /)
Stopping at filesystem boundary (GIT_DISCOVERY_ACROSS_FILESYSTEM not set).
2025-01-23 17:40:51.117 [info] > git rev-parse --show-toplevel [1ms]
2025-01-23 17:40:51.117 [info] fatal: not a git repository (or any parent up to mount point /)
Stopping at filesystem boundary (GIT_DISCOVERY_ACROSS_FILESYSTEM not set).
2025-01-23 17:42:14.792 [info] > git rev-parse --show-toplevel [1ms]
2025-01-23 17:42:14.792 [info] fatal: not a git repository (or any parent up to mount point /)
Stopping at filesystem boundary (GIT_DISCOVERY_ACROSS_FILESYSTEM not set).
