2025-02-13 17:16:54.971 [info] [main] Log level: Info
2025-02-13 17:16:54.972 [info] [main] Validating found git in: "git"
2025-02-13 17:16:54.972 [info] [main] Using git "2.48.1" from "git"
2025-02-13 17:16:54.972 [info] [Model][doInitialScan] Initial repository scan started
2025-02-13 17:16:54.972 [info] > git rev-parse --show-toplevel [45ms]
2025-02-13 17:16:54.972 [info] fatal: not a git repository (or any parent up to mount point /)
Stopping at filesystem boundary (GIT_DISCOVERY_ACROSS_FILESYSTEM not set).
2025-02-13 17:16:54.972 [info] > git rev-parse --show-toplevel [42ms]
2025-02-13 17:16:54.972 [info] fatal: not a git repository (or any parent up to mount point /)
Stopping at filesystem boundary (GIT_DISCOVERY_ACROSS_FILESYSTEM not set).
2025-02-13 17:16:54.972 [info] > git rev-parse --show-toplevel [5ms]
2025-02-13 17:16:54.972 [info] > git rev-parse --git-dir --git-common-dir [6ms]
2025-02-13 17:16:54.972 [info] [Model][openRepository] Opened repository: /home/nik/Documents/CloudNotes
2025-02-13 17:16:54.972 [info] > git rev-parse --show-toplevel [2ms]
2025-02-13 17:16:54.972 [info] fatal: not a git repository (or any parent up to mount point /)
Stopping at filesystem boundary (GIT_DISCOVERY_ACROSS_FILESYSTEM not set).
2025-02-13 17:16:54.974 [info] [Model][doInitialScan] Initial repository scan completed - repositories (1), closed repositories (0), parent repositories (0), unsafe repositories (0)
2025-02-13 17:16:54.974 [info] > git config --get commit.template [8ms]
2025-02-13 17:16:54.989 [info] > git for-each-ref --format=%(refname)%00%(upstream:short)%00%(objectname)%00%(upstream:track)%00%(upstream:remotename)%00%(upstream:remoteref) refs/heads/master refs/remotes/master [2ms]
2025-02-13 17:16:54.999 [info] > git status -z -uall [5ms]
2025-02-13 17:16:55.000 [info] > git for-each-ref --sort -committerdate --format %(refname) %(objectname) %(*objectname) [2ms]
2025-02-13 17:16:55.012 [info] > git for-each-ref --format=%(refname)%00%(upstream:short)%00%(objectname)%00%(upstream:track)%00%(upstream:remotename)%00%(upstream:remoteref) refs/heads/master refs/remotes/master [6ms]
2025-02-13 17:16:55.022 [info] > git config --local branch.master.vscode-merge-base [6ms]
2025-02-13 17:16:55.026 [info] > git config --get commit.template [14ms]
2025-02-13 17:16:55.027 [info] > git for-each-ref --format=%(refname)%00%(upstream:short)%00%(objectname)%00%(upstream:track)%00%(upstream:remotename)%00%(upstream:remoteref) refs/heads/origin/master refs/remotes/origin/master [1ms]
2025-02-13 17:16:55.044 [info] > git merge-base refs/heads/master refs/remotes/origin/master [13ms]
2025-02-13 17:16:55.050 [info] > git for-each-ref --format=%(refname)%00%(upstream:short)%00%(objectname)%00%(upstream:track)%00%(upstream:remotename)%00%(upstream:remoteref) refs/heads/master refs/remotes/master [6ms]
2025-02-13 17:16:55.053 [info] > git diff --name-status -z --diff-filter=ADMR 5e0e6ba837b0ad5275084e3e4ba0e80a81af5a21...refs/remotes/origin/master [4ms]
2025-02-13 17:16:55.065 [info] > git status -z -uall [7ms]
2025-02-13 17:16:55.065 [info] > git for-each-ref --sort -committerdate --format %(refname) %(objectname) %(*objectname) [2ms]
2025-02-13 17:16:55.142 [info] > git rev-parse --show-toplevel [3ms]
2025-02-13 17:16:55.143 [info] fatal: not a git repository (or any parent up to mount point /)
Stopping at filesystem boundary (GIT_DISCOVERY_ACROSS_FILESYSTEM not set).
2025-02-13 17:16:55.415 [info] > git rev-parse --show-toplevel [3ms]
2025-02-13 17:16:55.415 [info] fatal: not a git repository (or any parent up to mount point /)
Stopping at filesystem boundary (GIT_DISCOVERY_ACROSS_FILESYSTEM not set).
2025-02-13 17:16:55.485 [info] > git check-ignore -v -z --stdin [1ms]
2025-02-13 17:17:01.391 [info] > git rev-parse --show-toplevel [1ms]
2025-02-13 17:17:01.391 [info] fatal: not a git repository (or any parent up to mount point /)
Stopping at filesystem boundary (GIT_DISCOVERY_ACROSS_FILESYSTEM not set).
2025-02-13 17:17:06.213 [info] > git rev-parse --show-toplevel [0ms]
2025-02-13 17:17:06.213 [info] fatal: not a git repository (or any parent up to mount point /)
Stopping at filesystem boundary (GIT_DISCOVERY_ACROSS_FILESYSTEM not set).
2025-02-13 17:41:21.260 [info] > git rev-parse --show-toplevel [1ms]
2025-02-13 17:41:21.260 [info] fatal: not a git repository (or any parent up to mount point /)
Stopping at filesystem boundary (GIT_DISCOVERY_ACROSS_FILESYSTEM not set).
