2025-01-24 12:40:11.660 [info] Extension host with pid 24076 started
2025-01-24 12:40:11.660 [info] Skipping acquiring lock for /home/nik/.config/Code/User/workspaceStorage/66a8b0bf76fe3fbf53622aee459a00c4.
2025-01-24 12:40:12.079 [info] ExtensionService#_doActivateExtension vscode.github-authentication, startup: false, activationEvent: 'onAuthenticationRequest:github'
2025-01-24 12:40:12.105 [info] ExtensionService#_doActivateExtension vscode.emmet, startup: false, activationEvent: 'onLanguage'
2025-01-24 12:40:12.119 [info] ExtensionService#_doActivateExtension ms-python.python, startup: false, activationEvent: 'onLanguage:python', root cause: ms-python.debugpy
2025-01-24 12:40:12.275 [info] ExtensionService#_doActivateExtension ms-toolsai.jupyter, startup: false, activationEvent: 'onLanguage:python'
2025-01-24 12:40:12.623 [info] ExtensionService#_doActivateExtension ms-toolsai.jupyter-renderers, startup: false, activationEvent: 'api', root cause: ms-toolsai.jupyter
2025-01-24 12:40:12.664 [info] ExtensionService#_doActivateExtension ms-python.debugpy, startup: false, activationEvent: 'onLanguage:python'
2025-01-24 12:40:12.712 [info] ExtensionService#_doActivateExtension ms-python.vscode-pylance, startup: false, activationEvent: 'onLanguage:python'
2025-01-24 12:40:13.032 [info] ExtensionService#_doActivateExtension vscode.git-base, startup: true, activationEvent: '*', root cause: vscode.git
2025-01-24 12:40:13.034 [info] ExtensionService#_doActivateExtension be5invis.vscode-custom-css, startup: true, activationEvent: '*'
2025-01-24 12:40:13.058 [info] ExtensionService#_doActivateExtension vscode.git, startup: true, activationEvent: '*'
2025-01-24 12:40:13.107 [info] ExtensionService#_doActivateExtension vscode.github, startup: true, activationEvent: '*'
2025-01-24 12:40:13.187 [info] Eager extensions activated
2025-01-24 12:40:13.244 [info] ExtensionService#_doActivateExtension vscode.debug-auto-launch, startup: false, activationEvent: 'onStartupFinished'
2025-01-24 12:40:13.246 [info] ExtensionService#_doActivateExtension vscode.merge-conflict, startup: false, activationEvent: 'onStartupFinished'
2025-01-24 12:40:13.259 [info] ExtensionService#_doActivateExtension BrandonKirbyson.vscode-animations, startup: false, activationEvent: 'onStartupFinished'
2025-01-24 12:40:13.262 [info] ExtensionService#_doActivateExtension Catppuccin.catppuccin-vsc, startup: false, activationEvent: 'onStartupFinished'
2025-01-24 12:40:13.266 [info] ExtensionService#_doActivateExtension formulahendry.code-runner, startup: false, activationEvent: 'onStartupFinished'
2025-01-24 12:40:13.287 [info] ExtensionService#_doActivateExtension vscodevim.vim, startup: false, activationEvent: 'onStartupFinished'
2025-01-24 12:40:20.159 [info] Extension host terminating: renderer closed the MessagePort
2025-01-24 12:40:20.528 [error] Canceled: Canceled
	at new IT (file:///opt/visual-studio-code/resources/app/out/vs/workbench/api/node/extensionHostProcess.js:32:110702)
	at Dy.U (file:///opt/visual-studio-code/resources/app/out/vs/workbench/api/node/extensionHostProcess.js:32:115312)
	at s.<computed>.n.charCodeAt.s.<computed> (file:///opt/visual-studio-code/resources/app/out/vs/workbench/api/node/extensionHostProcess.js:32:112806)
	at cw.getCommands (file:///opt/visual-studio-code/resources/app/out/vs/workbench/api/node/extensionHostProcess.js:115:33845)
	at Object.getCommands (file:///opt/visual-studio-code/resources/app/out/vs/workbench/api/node/extensionHostProcess.js:157:37535)
	at _0x4750d5 (/home/nik/.vscode/extensions/ms-python.vscode-pylance-2024.12.1/dist/extension.bundle.js:1:244174)
	at _0x50f44c (/home/nik/.vscode/extensions/ms-python.vscode-pylance-2024.12.1/dist/extension.bundle.js:1:243931)
	at async Object.start (/home/nik/.vscode/extensions/ms-python.vscode-pylance-2024.12.1/dist/extension.bundle.js:1:243356)
	at async _0x44e601._startClient (/home/nik/.vscode/extensions/ms-python.vscode-pylance-2024.12.1/dist/extension.bundle.js:1:187280)
	at async _0x44e601._createNewRequest (/home/nik/.vscode/extensions/ms-python.vscode-pylance-2024.12.1/dist/extension.bundle.js:1:186741)
2025-01-24 12:40:20.528 [error] Canceled: Canceled
	at new IT (file:///opt/visual-studio-code/resources/app/out/vs/workbench/api/node/extensionHostProcess.js:32:110702)
	at Dy.U (file:///opt/visual-studio-code/resources/app/out/vs/workbench/api/node/extensionHostProcess.js:32:115312)
	at s.<computed>.n.charCodeAt.s.<computed> (file:///opt/visual-studio-code/resources/app/out/vs/workbench/api/node/extensionHostProcess.js:32:112806)
	at cw.getCommands (file:///opt/visual-studio-code/resources/app/out/vs/workbench/api/node/extensionHostProcess.js:115:33845)
	at Object.getCommands (file:///opt/visual-studio-code/resources/app/out/vs/workbench/api/node/extensionHostProcess.js:157:37535)
	at _0x4750d5 (/home/nik/.vscode/extensions/ms-python.vscode-pylance-2024.12.1/dist/extension.bundle.js:1:244174)
	at _0x50f44c (/home/nik/.vscode/extensions/ms-python.vscode-pylance-2024.12.1/dist/extension.bundle.js:1:243931)
	at async Object.start (/home/nik/.vscode/extensions/ms-python.vscode-pylance-2024.12.1/dist/extension.bundle.js:1:243356)
	at async _0x44e601._startClient (/home/nik/.vscode/extensions/ms-python.vscode-pylance-2024.12.1/dist/extension.bundle.js:1:187280)
	at async _0x44e601._createNewRequest (/home/nik/.vscode/extensions/ms-python.vscode-pylance-2024.12.1/dist/extension.bundle.js:1:186741)
2025-01-24 12:40:20.529 [info] Extension host with pid 24076 exiting with code 0
