2025-02-16 15:38:01.962 [info] Reading sessions from keychain...
2025-02-16 15:38:01.962 [info] Getting sessions for all scopes...
2025-02-16 15:38:01.962 [info] Getting sessions for all scopes...
2025-02-16 15:38:01.962 [info] Got 0 sessions for ...
2025-02-16 15:38:01.962 [info] Got 0 sessions for ...
2025-02-16 15:38:01.962 [info] Getting sessions for all scopes...
2025-02-16 15:38:01.962 [info] Got 0 sessions for ...
2025-02-16 15:38:01.962 [info] Getting sessions for all scopes...
2025-02-16 15:38:01.962 [info] Got 0 sessions for ...
2025-02-16 15:38:01.962 [info] Getting sessions for all scopes...
2025-02-16 15:38:01.962 [info] Got 0 sessions for ...
2025-02-16 15:38:01.962 [info] Getting sessions for all scopes...
2025-02-16 15:38:01.962 [info] Got 0 sessions for ...
2025-02-16 15:38:01.962 [info] Getting sessions for all scopes...
2025-02-16 15:38:01.962 [info] Got 0 sessions for ...
2025-02-16 15:38:02.908 [info] Getting sessions for all scopes...
2025-02-16 15:38:02.908 [info] Got 0 sessions for ...
2025-02-16 15:38:02.951 [info] Getting sessions for read:user,repo,user:email,workflow...
2025-02-16 15:38:02.951 [info] Got 0 sessions for read:user,repo,user:email,workflow...
2025-02-16 15:38:04.732 [info] Getting sessions for all scopes...
2025-02-16 15:38:04.732 [info] Got 0 sessions for ...
2025-02-16 15:39:14.156 [info] Reading sessions from keychain...
2025-02-16 15:39:14.156 [info] Getting sessions for all scopes...
2025-02-16 15:39:14.156 [info] Got 0 sessions for ...
2025-02-16 15:39:14.156 [info] Getting sessions for all scopes...
2025-02-16 15:39:14.156 [info] Got 0 sessions for ...
2025-02-16 15:39:14.156 [info] Getting sessions for all scopes...
2025-02-16 15:39:14.156 [info] Got 0 sessions for ...
2025-02-16 15:39:15.246 [info] Getting sessions for read:user,repo,user:email,workflow...
2025-02-16 15:39:15.246 [info] Got 0 sessions for read:user,repo,user:email,workflow...
