2025-01-24 18:00:54.433 [info] Configuration changed
2025-01-24 18:01:00.345 [info] Active editor: file:///home/nik/.config/hypr/scripts/wlogout_wall.py
2025-01-24 18:01:01.412 [info] /home/nik/.config/hypr/scripts/wlogout_wall.py closed
2025-01-24 18:01:01.416 [info] Active editor: file:///home/nik/.config/hypr/scripts/hyprlock_wall.py
2025-01-24 18:01:02.457 [info] /home/nik/.config/hypr/scripts/hyprlock_wall.py closed
2025-01-24 18:01:02.467 [info] Active editor: file:///home/nik/.config/hypr/scripts/change_wall.py
2025-01-24 18:01:05.213 [info] /home/nik/.config/hypr/scripts/change_wall.py closed
2025-01-24 18:01:31.005 [info] Active editor: file:///home/nik/.config/hypr/hyprland.conf
2025-01-24 18:01:39.569 [info] /home/nik/.config/hypr/hyprland.conf closed
2025-01-24 18:01:39.577 [info] Active editor: file:///home/nik/.config/hypr/binds.conf
2025-01-24 18:01:41.459 [info] /home/nik/.config/hypr/binds.conf closed
2025-01-24 18:01:41.467 [info] Active editor: file:///home/nik/.config/hypr/hyprland.conf
2025-01-24 18:01:45.650 [info] Active editor: file:///home/nik/.config/hypr/binds.conf
2025-01-24 18:01:46.679 [info] Active editor: file:///home/nik/.config/hypr/hyprland.conf
2025-01-24 18:02:00.524 [info] Active editor: file:///home/nik/.config/hypr/binds.conf
2025-01-24 18:02:11.172 [info] Active editor: file:///home/nik/.config/hypr/hyprland.conf
2025-01-24 18:04:11.203 [info] Active editor: file:///home/nik/.config/hypr/binds.conf
2025-01-24 18:04:29.456 [info] Active editor: file:///home/nik/.config/hypr/hyprland.conf
2025-01-24 18:06:42.081 [info] Active editor: file:///home/nik/.config/hypr/animations.conf
2025-01-24 18:06:43.982 [info] Active editor: file:///home/nik/.config/hypr/binds.conf
2025-01-24 18:06:46.521 [info] Active editor: file:///home/nik/.config/hypr/animations.conf
2025-01-24 18:06:47.741 [info] Active editor: file:///home/nik/.config/hypr/hyprland.conf
2025-01-24 18:07:11.032 [info] Active editor: file:///home/nik/.config/hypr/animations.conf
2025-01-24 18:07:22.157 [info] Active editor: file:///home/nik/.config/hypr/hyprland.conf
2025-01-24 18:09:23.400 [info] Active editor: file:///home/nik/.config/hypr/windowrules.conf
2025-01-24 18:09:26.335 [info] Active editor: file:///home/nik/.config/hypr/hyprland.conf
2025-01-24 18:09:40.314 [info] Active editor: file:///home/nik/.config/hypr/windowrules.conf
2025-01-24 18:09:46.923 [info] Active editor: file:///home/nik/.config/hypr/hyprland.conf
2025-01-24 18:10:27.672 [info] Active editor: file:///home/nik/.config/hypr/windowrules.conf
2025-01-24 18:10:32.438 [info] Active editor: file:///home/nik/.config/hypr/hyprland.conf
