2025-02-16 15:38:02.625 [error] [/home/nik/.vscode/extensions/ms-toolsai.jupyter-2025.1.0-linux-x64]: Extension is not compatible with Code 1.96.4. Extension requires: ^1.97.0.
2025-02-16 15:38:02.655 [error] [/home/nik/.vscode/extensions/ms-toolsai.jupyter-2025.1.0-linux-x64]: Extension is not compatible with Code 1.96.4. Extension requires: ^1.97.0.
2025-02-16 15:38:02.659 [error] [/home/nik/.vscode/extensions/ms-toolsai.jupyter-2025.1.0-linux-x64]: Extension is not compatible with Code 1.96.4. Extension requires: ^1.97.0.
2025-02-16 15:38:02.663 [error] [/home/nik/.vscode/extensions/ms-toolsai.jupyter-2025.1.0-linux-x64]: Extension is not compatible with Code 1.96.4. Extension requires: ^1.97.0.
2025-02-16 15:38:02.785 [error] [/home/nik/.vscode/extensions/ms-toolsai.jupyter-2025.1.0-linux-x64]: Extension is not compatible with Code 1.96.4. Extension requires: ^1.97.0.
2025-02-16 15:38:02.852 [error] [/home/nik/.vscode/extensions/ms-toolsai.jupyter-2025.1.0-linux-x64]: Extension is not compatible with Code 1.96.4. Extension requires: ^1.97.0.
2025-02-16 15:38:02.972 [error] [/home/nik/.vscode/extensions/ms-toolsai.jupyter-2025.1.0-linux-x64]: Extension is not compatible with Code 1.96.4. Extension requires: ^1.97.0.
2025-02-16 15:38:03.024 [error] [/home/nik/.vscode/extensions/ms-toolsai.jupyter-2025.1.0-linux-x64]: Extension is not compatible with Code 1.96.4. Extension requires: ^1.97.0.
2025-02-16 15:38:03.062 [error] [/home/nik/.vscode/extensions/ms-toolsai.jupyter-2025.1.0-linux-x64]: Extension is not compatible with Code 1.96.4. Extension requires: ^1.97.0.
2025-02-16 15:38:03.107 [error] [/home/nik/.vscode/extensions/ms-toolsai.jupyter-2025.1.0-linux-x64]: Extension is not compatible with Code 1.96.4. Extension requires: ^1.97.0.
2025-02-16 15:38:04.641 [error] [/home/nik/.vscode/extensions/ms-toolsai.jupyter-2025.1.0-linux-x64]: Extension is not compatible with Code 1.96.4. Extension requires: ^1.97.0.
2025-02-16 15:38:04.750 [error] [/home/nik/.vscode/extensions/ms-toolsai.jupyter-2025.1.0-linux-x64]: Extension is not compatible with Code 1.96.4. Extension requires: ^1.97.0.
2025-02-16 15:38:05.466 [error] [/home/nik/.vscode/extensions/ms-toolsai.jupyter-2025.1.0-linux-x64]: Extension is not compatible with Code 1.96.4. Extension requires: ^1.97.0.
2025-02-16 15:38:31.285 [info] Getting Manifest... ms-toolsai.jupyter
2025-02-16 15:38:32.204 [info] Installing extension: ms-toolsai.jupyter {"productVersion":{"version":"1.97.2","date":"2025-02-12T23:22:17.181Z"},"pinned":false,"operation":3,"isApplicationScoped":false,"profileLocation":{"$mid":1,"external":"vscode-userdata:/home/nik/.vscode/extensions/extensions.json","path":"/home/nik/.vscode/extensions/extensions.json","scheme":"vscode-userdata"},"installOnlyNewlyAddedFromExtensionPack":true}
2025-02-16 15:38:32.259 [error] [/home/nik/.vscode/extensions/ms-toolsai.jupyter-2025.1.0-linux-x64]: Extension is not compatible with Code 1.96.4. Extension requires: ^1.97.0.
2025-02-16 15:38:32.260 [error] Error while installing the extension ms-toolsai.jupyter Cannot read the extension from /home/nik/.vscode/extensions/ms-toolsai.jupyter-2025.1.0-linux-x64 vscode-userdata:/home/nik/.vscode/extensions/extensions.json
2025-02-16 15:38:32.326 [error] [uncaught exception in sharedProcess]: Error: ENOENT: no such file or directory, stat '/home/nik/.vscode/extensions/extensions.json.vsctmp': EntryNotFound (FileSystemError): Error: ENOENT: no such file or directory, stat '/home/nik/.vscode/extensions/extensions.json.vsctmp'
    at Gm.create (file:///opt/visual-studio-code/resources/app/out/vs/code/electron-utility/sharedProcess/sharedProcessMain.js:35:39624)
    at xs (file:///opt/visual-studio-code/resources/app/out/vs/code/electron-utility/sharedProcess/sharedProcessMain.js:35:39731)
    at Vr.ib (file:///opt/visual-studio-code/resources/app/out/vs/code/electron-utility/sharedProcess/sharedProcessMain.js:78:22778)
    at Vr.stat (file:///opt/visual-studio-code/resources/app/out/vs/code/electron-utility/sharedProcess/sharedProcessMain.js:78:16010)
    at async wh.stat (file:///opt/visual-studio-code/resources/app/out/vs/code/electron-utility/sharedProcess/sharedProcessMain.js:77:85488)
    at async fh.Ab (file:///opt/visual-studio-code/resources/app/out/vs/code/electron-utility/sharedProcess/sharedProcessMain.js:77:67180)
