2025-01-24 18:00:54.714 [info] [Info  - 6:00:54 PM] (68266) Server root directory: file:///home/nik/.vscode/extensions/ms-python.vscode-pylance-2024.12.1/dist
2025-01-24 18:00:54.714 [info] [Info  - 6:00:54 PM] (68266) Pylance language server 2024.12.1 (pyright version 1.1.389, commit ce1325fc) starting
2025-01-24 18:00:54.714 [info] [Info  - 6:00:54 PM] (68266) Starting service instance "hypr"
2025-01-24 18:00:54.737 [info] [Info  - 6:00:54 PM] (68266) Setting environmentName for service "hypr": "3.13.1 (global)"
2025-01-24 18:00:54.737 [info] [Info  - 6:00:54 PM] (68266) Setting pythonPath for service "hypr": "/bin/python"
2025-01-24 18:00:54.737 [info] [Info  - 6:00:54 PM] (68266) No include entries specified; assuming /home/nik/.config/hypr
2025-01-24 18:00:54.738 [info] [Info  - 6:00:54 PM] (68266) Auto-excluding **/node_modules
2025-01-24 18:00:54.738 [info] [Info  - 6:00:54 PM] (68266) Auto-excluding **/__pycache__
2025-01-24 18:00:54.738 [info] [Info  - 6:00:54 PM] (68266) Auto-excluding **/.*
2025-01-24 18:00:54.756 [info] [Info  - 6:00:54 PM] (68266) Assuming Python version 3.13.1.final.0
2025-01-24 18:00:54.791 [info] [Info  - 6:00:54 PM] (68266) Found 3 source files
2025-01-24 18:00:55.220 [info] [Info  - 6:00:55 PM] (68266) Background analysis(1) root directory: file:///home/nik/.vscode/extensions/ms-python.vscode-pylance-2024.12.1/dist
2025-01-24 18:00:55.222 [info] [Info  - 6:00:55 PM] (68266) Background analysis(1) started
2025-01-24 18:00:55.265 [info] [Info  - 6:00:55 PM] (68266) Indexer background runner(2) root directory: file:///home/nik/.vscode/extensions/ms-python.vscode-pylance-2024.12.1/dist (index)
2025-01-24 18:00:55.265 [info] [Info  - 6:00:55 PM] (68266) Indexing(2) started
2025-01-24 18:00:55.491 [info] [Info  - 6:00:55 PM] (68266) scanned(2) 37 files over 1 exec env
2025-01-24 18:00:55.602 [info] [Info  - 6:00:55 PM] (68266) indexed(2) 37 files over 1 exec env
2025-01-24 18:00:55.605 [info] [Info  - 6:00:55 PM] (68266) Indexing finished(2).
2025-01-24 18:01:04.427 [info] (Client) The existing extension didn't exit within 10 seconds. New instance will start, but you might encounter issues.
2025-01-24 18:01:04.427 [info] (Client) Pylance async client (2024.12.1) started with python extension (2024.22.2)
