2025-01-24 13:26:03.937 [info] Configuration changed
2025-01-24 13:26:07.942 [info] Active editor: file:///home/nik/.config/hypr/scripts/wlogout_wall.py
2025-01-24 13:26:13.969 [info] Active editor: file:///home/nik/.config/hypr/scripts/hyprlock_wall.py
2025-01-24 13:26:54.833 [info] Active editor: file:///home/nik/.config/hypr/scripts/wlogout_wall.py
2025-01-24 13:26:55.593 [info] Active editor: file:///home/nik/.config/hypr/scripts/hyprlock_wall.py
2025-01-24 13:26:56.127 [info] Active editor: file:///home/nik/.config/hypr/scripts/wlogout_wall.py
2025-01-24 13:27:01.573 [info] Active editor: file:///home/nik/.config/hypr/scripts/hyprlock_wall.py
2025-01-24 13:27:56.344 [info] Active editor: file:///home/nik/.config/hypr/scripts/wlogout_wall.py
2025-01-24 13:28:33.201 [info] Active editor: file:///home/nik/.config/hypr/scripts/hyprlock_wall.py
2025-01-24 13:28:48.433 [info] Active editor: file:///home/nik/.config/hypr/scripts/wlogout_wall.py
2025-01-24 13:28:50.747 [info] Active editor: file:///home/nik/.config/hypr/scripts/hyprlock_wall.py
2025-01-24 13:29:32.488 [info] Executing :'<,'>norm i#
2025-01-24 13:31:14.819 [info] Executing :'<,'>norm x
2025-01-24 13:31:27.852 [info] Active editor: file:///home/nik/.config/hypr/scripts/wlogout_wall.py
2025-01-24 13:31:29.302 [info] Active editor: file:///home/nik/.config/hypr/scripts/hyprlock_wall.py
2025-01-24 13:31:30.559 [info] Active editor: file:///home/nik/.config/hypr/scripts/wlogout_wall.py
2025-01-24 13:31:31.335 [info] Active editor: file:///home/nik/.config/hypr/scripts/hyprlock_wall.py
2025-01-24 13:31:35.332 [info] Active editor: file:///home/nik/.config/hypr/scripts/wlogout_wall.py
2025-01-24 13:31:36.346 [info] Active editor: file:///home/nik/.config/hypr/scripts/hyprlock_wall.py
2025-01-24 13:31:37.311 [info] Active editor: file:///home/nik/.config/hypr/scripts/wlogout_wall.py
2025-01-24 13:31:38.055 [info] Active editor: file:///home/nik/.config/hypr/scripts/hyprlock_wall.py
2025-01-24 13:31:38.620 [info] Active editor: file:///home/nik/.config/hypr/scripts/wlogout_wall.py
2025-01-24 13:31:39.471 [info] Active editor: file:///home/nik/.config/hypr/scripts/hyprlock_wall.py
2025-01-24 13:31:40.239 [info] Active editor: file:///home/nik/.config/hypr/scripts/wlogout_wall.py
2025-01-24 13:31:42.404 [info] Active editor: file:///home/nik/.config/hypr/scripts/hyprlock_wall.py
2025-01-24 13:31:43.569 [info] Active editor: file:///home/nik/.config/hypr/scripts/wlogout_wall.py
2025-01-24 13:31:44.513 [info] Active editor: file:///home/nik/.config/hypr/scripts/hyprlock_wall.py
2025-01-24 13:31:45.302 [info] Active editor: file:///home/nik/.config/hypr/scripts/wlogout_wall.py
2025-01-24 13:31:45.859 [info] Active editor: file:///home/nik/.config/hypr/scripts/hyprlock_wall.py
2025-01-24 13:31:46.465 [info] Active editor: file:///home/nik/.config/hypr/scripts/wlogout_wall.py
2025-01-24 13:31:48.492 [info] Active editor: file:///home/nik/.config/hypr/scripts/hyprlock_wall.py
