2025-02-16 15:25:38.455 [info] Reading sessions from keychain...
2025-02-16 15:25:38.455 [info] Getting sessions for all scopes...
2025-02-16 15:25:38.455 [info] Getting sessions for all scopes...
2025-02-16 15:25:38.455 [info] Got 0 sessions for ...
2025-02-16 15:25:38.455 [info] Got 0 sessions for ...
2025-02-16 15:25:38.455 [info] Getting sessions for all scopes...
2025-02-16 15:25:38.455 [info] Got 0 sessions for ...
2025-02-16 15:25:38.455 [info] Getting sessions for all scopes...
2025-02-16 15:25:38.455 [info] Got 0 sessions for ...
2025-02-16 15:25:38.455 [info] Getting sessions for all scopes...
2025-02-16 15:25:38.455 [info] Got 0 sessions for ...
2025-02-16 15:25:38.455 [info] Getting sessions for all scopes...
2025-02-16 15:25:38.455 [info] Got 0 sessions for ...
2025-02-16 15:25:38.455 [info] Getting sessions for all scopes...
2025-02-16 15:25:38.455 [info] Got 0 sessions for ...
2025-02-16 15:25:38.455 [info] Getting sessions for all scopes...
2025-02-16 15:25:38.455 [info] Got 0 sessions for ...
2025-02-16 15:25:38.840 [info] Getting sessions for all scopes...
2025-02-16 15:25:38.840 [info] Got 0 sessions for ...
2025-02-16 15:25:39.001 [info] Getting sessions for read:user,repo,user:email,workflow...
2025-02-16 15:25:39.001 [info] Got 0 sessions for read:user,repo,user:email,workflow...
