2025-02-13 17:16:54.545 [info] Experiment 'pythonRecommendTensorboardExt' is active
2025-02-13 17:16:54.545 [info] Experiment 'pythonSurveyNotificationcf' is active
2025-02-13 17:16:54.545 [info] Experiment 'pythonTerminalEnvVarActivation' is active
2025-02-13 17:16:54.545 [info] Experiment 'pythonTestAdapter' is active
2025-02-13 17:16:54.545 [warning] Dir "/home/nik/Documents/.pixi/envs" is not watchable (directory does not exist)
2025-02-13 17:16:54.545 [info] Python interpreter path: ./python_env/jupyter_env/bin/python3.13
2025-02-13 17:16:54.556 [info] > pyenv which python
2025-02-13 17:16:54.556 [info] cwd: .
2025-02-13 17:16:54.731 [info] > conda info --json
2025-02-13 17:16:54.983 [info] > . ./python_env/jupyter_env/bin/activate && echo 'e8b39361-0157-4923-80e1-22d70d46dee6' && python ~/.vscode/extensions/ms-python.python-2024.22.2-linux-x64/python_files/printEnvVariables.py
2025-02-13 17:16:54.983 [info] shell: zsh
2025-02-13 17:16:55.021 [info] > /bin/python ~/.vscode/extensions/ms-python.python-2024.22.2-linux-x64/python_files/printEnvVariables.py
2025-02-13 17:16:55.021 [info] shell: zsh
2025-02-13 17:16:55.051 [info] Prepending environment variable PATH in collection with /home/nik/.vscode/extensions/ms-python.python-2024.22.2-linux-x64/python_files/deactivate/zsh:/home/nik/Documents/python_env/jupyter_env/bin: {"applyAtShellIntegration":true,"applyAtProcessCreation":true}
2025-02-13 17:16:55.051 [info] Setting environment variable VIRTUAL_ENV in collection to /home/nik/Documents/python_env/jupyter_env {"applyAtShellIntegration":true,"applyAtProcessCreation":true}
2025-02-13 17:16:55.051 [info] Setting environment variable VIRTUAL_ENV_PROMPT in collection to jupyter_env {"applyAtShellIntegration":true,"applyAtProcessCreation":true}
2025-02-13 17:16:55.051 [info] Prepending environment variable PS1 in collection with jupyter_env {"applyAtShellIntegration":true,"applyAtProcessCreation":false}
2025-02-13 17:16:55.052 [info] Send text to terminal: /bin/python /home/nik/.vscode/extensions/ms-python.python-2024.22.2-linux-x64/python_files/printEnvVariablesToFile.py /home/nik/.vscode/extensions/ms-python.python-2024.22.2-linux-x64/python_files/deactivate/zsh/envVars.txt
2025-02-13 17:17:00.706 [info] Starting Environment refresh
2025-02-13 17:17:00.706 [info] Searching for interpreters in posix paths locator
2025-02-13 17:17:00.707 [info] Searching for pyenv environments
2025-02-13 17:17:00.707 [info] Searching for conda environments
2025-02-13 17:17:00.707 [info] Searching for global virtual environments
2025-02-13 17:17:00.707 [info] Searching for custom virtual environments
2025-02-13 17:17:00.712 [info] > hatch env show --json
2025-02-13 17:17:00.713 [info] cwd: .
2025-02-13 17:17:00.714 [info] pyenv is not installed
2025-02-13 17:17:00.714 [info] Finished searching for pyenv environments: 8 milliseconds
2025-02-13 17:17:00.714 [info] Finished searching for custom virtual envs: 7 milliseconds
2025-02-13 17:17:00.750 [info] Finished searching for global virtual envs: 44 milliseconds
2025-02-13 17:17:00.784 [info] Found: /bin/python --> /bin/python3.13
2025-02-13 17:17:00.792 [info] Found: /bin/python3 --> /bin/python3.13
2025-02-13 17:17:00.792 [info] Found: /bin/python3.13 --> /bin/python3.13
2025-02-13 17:17:00.801 [info] > . ./python_env/jupyter_env/bin/activate && echo 'e8b39361-0157-4923-80e1-22d70d46dee6' && python ~/.vscode/extensions/ms-python.python-2024.22.2-linux-x64/python_files/printEnvVariables.py
2025-02-13 17:17:00.802 [info] shell: bash
2025-02-13 17:17:00.813 [info] > . ./python_env/jupyter_env/bin/activate && echo 'e8b39361-0157-4923-80e1-22d70d46dee6' && python ~/.vscode/extensions/ms-python.python-2024.22.2-linux-x64/python_files/printEnvVariables.py
2025-02-13 17:17:00.813 [info] shell: bash
2025-02-13 17:17:00.872 [info] > ./python_env/jupyter_env/bin/python3.13 -I ~/.vscode/extensions/ms-python.python-2024.22.2-linux-x64/python_files/get_output_via_markers.py ~/.vscode/extensions/ms-python.python-2024.22.2-linux-x64/python_files/interpreterInfo.py
2025-02-13 17:17:00.872 [info] Found: /sbin/python --> /sbin/python3.13
2025-02-13 17:17:00.874 [info] Found: /sbin/python3 --> /sbin/python3.13
2025-02-13 17:17:00.874 [info] Found: /sbin/python3.13 --> /sbin/python3.13
2025-02-13 17:17:00.878 [info] Found: /usr/bin/python --> /usr/bin/python3.13
2025-02-13 17:17:00.878 [info] Found: /usr/bin/python3 --> /usr/bin/python3.13
2025-02-13 17:17:00.878 [info] Found: /usr/bin/python3.13 --> /usr/bin/python3.13
2025-02-13 17:17:00.896 [info] Found: /usr/sbin/python --> /usr/sbin/python3.13
2025-02-13 17:17:00.897 [info] Found: /usr/sbin/python3 --> /usr/sbin/python3.13
2025-02-13 17:17:00.897 [info] Found: /usr/sbin/python3.13 --> /usr/sbin/python3.13
2025-02-13 17:17:00.908 [info] > /bin/python -I ~/.vscode/extensions/ms-python.python-2024.22.2-linux-x64/python_files/get_output_via_markers.py ~/.vscode/extensions/ms-python.python-2024.22.2-linux-x64/python_files/interpreterInfo.py
2025-02-13 17:17:00.924 [info] > /sbin/python -I ~/.vscode/extensions/ms-python.python-2024.22.2-linux-x64/python_files/get_output_via_markers.py ~/.vscode/extensions/ms-python.python-2024.22.2-linux-x64/python_files/interpreterInfo.py
2025-02-13 17:17:00.927 [info] Finished searching for interpreters in posix paths locator: 221 milliseconds
2025-02-13 17:17:00.931 [info] Environments refresh paths discovered (event): 225 milliseconds
2025-02-13 17:17:00.931 [info] Environments refresh paths discovered: 225 milliseconds
2025-02-13 17:17:00.953 [info] > /usr/bin/python -I ~/.vscode/extensions/ms-python.python-2024.22.2-linux-x64/python_files/get_output_via_markers.py ~/.vscode/extensions/ms-python.python-2024.22.2-linux-x64/python_files/interpreterInfo.py
2025-02-13 17:17:00.980 [info] > /usr/sbin/python -I ~/.vscode/extensions/ms-python.python-2024.22.2-linux-x64/python_files/get_output_via_markers.py ~/.vscode/extensions/ms-python.python-2024.22.2-linux-x64/python_files/interpreterInfo.py
2025-02-13 17:17:01.017 [info] Environments refresh finished (event): 311 milliseconds
2025-02-13 17:17:01.026 [info] Environment refresh took 321 milliseconds
2025-02-13 17:17:05.032 [info] Starting Pylance language server.
2025-02-13 17:17:25.053 [error] Failed to initialize deactivate script /usr/bin/zsh [Error: "/home/nik/.vscode/extensions/ms-python.python-2024.22.2-linux-x64/python_files/deactivate/zsh/envVars.txt" file not created
	at Timeout.<anonymous> (/home/nik/.vscode/extensions/ms-python.python-2024.22.2-linux-x64/out/client/extension.js:2:313536)
	at listOnTimeout (node:internal/timers:581:17)
	at process.processTimers (node:internal/timers:519:7)]
2025-02-13 17:24:32.247 [info] Discover tests for workspace name: Documents - uri: /home/nik/Documents/dyn_prog.py
2025-02-13 17:24:34.320 [info] Send text to terminal: /home/nik/Documents/python_env/jupyter_env/bin/python3.13 /home/nik/Documents/dyn_prog.py
2025-02-13 17:40:09.241 [info] Discover tests for workspace name: Documents - uri: /home/nik/Documents/dyn_prog.py
2025-02-13 18:11:54.752 [info] Discover tests for workspace name: Documents - uri: /home/nik/Documents/dyn_prog.py
2025-02-13 18:15:38.696 [info] Discover tests for workspace name: Documents - uri: /home/nik/Documents/dyn_prog.py
2025-02-13 18:16:13.280 [info] Discover tests for workspace name: Documents - uri: /home/nik/Documents/dyn_prog.py
2025-02-13 18:16:36.092 [info] Discover tests for workspace name: Documents - uri: /home/nik/Documents/dyn_prog.py
2025-02-13 18:16:59.019 [info] Discover tests for workspace name: Documents - uri: /home/nik/Documents/dyn_prog.py
2025-02-13 18:17:27.101 [info] Discover tests for workspace name: Documents - uri: /home/nik/Documents/dyn_prog.py
