2025-01-24 12:40:27.385 [info] [Info  - 12:40:27 PM] (24941) Server root directory: file:///home/nik/.vscode/extensions/ms-python.vscode-pylance-2024.12.1/dist
2025-01-24 12:40:27.386 [info] [Info  - 12:40:27 PM] (24941) Pylance language server 2024.12.1 (pyright version 1.1.389, commit ce1325fc) starting
2025-01-24 12:40:27.386 [info] [Info  - 12:40:27 PM] (24941) Starting service instance "hypr"
2025-01-24 12:40:27.417 [info] [Info  - 12:40:27 PM] (24941) Setting environmentName for service "hypr": "3.13.1 (global)"
2025-01-24 12:40:27.417 [info] [Info  - 12:40:27 PM] (24941) Setting pythonPath for service "hypr": "/bin/python"
2025-01-24 12:40:27.417 [info] [Info  - 12:40:27 PM] (24941) No include entries specified; assuming /home/nik/.config/hypr
2025-01-24 12:40:27.418 [info] [Info  - 12:40:27 PM] (24941) Auto-excluding **/node_modules
2025-01-24 12:40:27.418 [info] [Info  - 12:40:27 PM] (24941) Auto-excluding **/__pycache__
2025-01-24 12:40:27.418 [info] [Info  - 12:40:27 PM] (24941) Auto-excluding **/.*
2025-01-24 12:40:27.441 [info] [Info  - 12:40:27 PM] (24941) Assuming Python version 3.13.1.final.0
2025-01-24 12:40:27.474 [info] [Info  - 12:40:27 PM] (24941) Found 3 source files
2025-01-24 12:40:27.906 [info] [Info  - 12:40:27 PM] (24941) Background analysis(1) root directory: file:///home/nik/.vscode/extensions/ms-python.vscode-pylance-2024.12.1/dist
2025-01-24 12:40:27.909 [info] [Info  - 12:40:27 PM] (24941) Background analysis(1) started
2025-01-24 12:40:27.940 [info] [Info  - 12:40:27 PM] (24941) Indexer background runner(2) root directory: file:///home/nik/.vscode/extensions/ms-python.vscode-pylance-2024.12.1/dist (index)
2025-01-24 12:40:27.940 [info] [Info  - 12:40:27 PM] (24941) Indexing(2) started
2025-01-24 12:40:28.177 [info] [Info  - 12:40:28 PM] (24941) scanned(2) 37 files over 1 exec env
2025-01-24 12:40:28.319 [info] [Info  - 12:40:28 PM] (24941) indexed(2) 37 files over 1 exec env
2025-01-24 12:40:28.338 [info] [Info  - 12:40:28 PM] (24941) Indexing finished(2).
2025-01-24 12:40:37.075 [info] (Client) The existing extension didn't exit within 10 seconds. New instance will start, but you might encounter issues.
2025-01-24 12:40:37.075 [info] (Client) Pylance async client (2024.12.1) started with python extension (2024.22.2)
