2025-02-16 15:25:36.485 [error] [/home/nik/.vscode/extensions/ms-toolsai.jupyter-2025.1.0-linux-x64]: Extension is not compatible with Code 1.96.4. Extension requires: ^1.97.0.
2025-02-16 15:25:36.516 [error] [/home/nik/.vscode/extensions/ms-toolsai.jupyter-2025.1.0-linux-x64]: Extension is not compatible with Code 1.96.4. Extension requires: ^1.97.0.
2025-02-16 15:25:36.519 [error] [/home/nik/.vscode/extensions/ms-toolsai.jupyter-2025.1.0-linux-x64]: Extension is not compatible with Code 1.96.4. Extension requires: ^1.97.0.
2025-02-16 15:25:36.527 [error] [/home/nik/.vscode/extensions/ms-toolsai.jupyter-2025.1.0-linux-x64]: Extension is not compatible with Code 1.96.4. Extension requires: ^1.97.0.
2025-02-16 15:25:36.554 [info] Deleted uninstalled extension from disk catppuccin.catppuccin-vsc /home/nik/.vscode/extensions/catppuccin.catppuccin-vsc-3.16.0
2025-02-16 15:25:36.749 [info] Deleted uninstalled extension from disk ms-toolsai.jupyter-renderers /home/nik/.vscode/extensions/ms-toolsai.jupyter-renderers-1.0.21
2025-02-16 15:25:36.812 [error] [uncaught exception in sharedProcess]: Error: ENOENT: no such file or directory, stat '/home/nik/.vscode/extensions/ms-toolsai.jupyter-renderers-1.0.21.-2ecd0eea.vsctmp': EntryNotFound (FileSystemError): Error: ENOENT: no such file or directory, stat '/home/nik/.vscode/extensions/ms-toolsai.jupyter-renderers-1.0.21.-2ecd0eea.vsctmp'
    at Gm.create (file:///opt/visual-studio-code/resources/app/out/vs/code/electron-utility/sharedProcess/sharedProcessMain.js:35:39624)
    at xs (file:///opt/visual-studio-code/resources/app/out/vs/code/electron-utility/sharedProcess/sharedProcessMain.js:35:39731)
    at Vr.ib (file:///opt/visual-studio-code/resources/app/out/vs/code/electron-utility/sharedProcess/sharedProcessMain.js:78:22778)
    at Vr.stat (file:///opt/visual-studio-code/resources/app/out/vs/code/electron-utility/sharedProcess/sharedProcessMain.js:78:16010)
    at async wh.stat (file:///opt/visual-studio-code/resources/app/out/vs/code/electron-utility/sharedProcess/sharedProcessMain.js:77:85488)
    at async fh.Ab (file:///opt/visual-studio-code/resources/app/out/vs/code/electron-utility/sharedProcess/sharedProcessMain.js:77:67180)
2025-02-16 15:25:36.813 [info] Deleted uninstalled extension from disk ms-python.debugpy /home/nik/.vscode/extensions/ms-python.debugpy-2024.14.0-linux-x64
2025-02-16 15:25:36.814 [info] Deleted uninstalled extension from disk ms-python.vscode-pylance /home/nik/.vscode/extensions/ms-python.vscode-pylance-2024.12.1
2025-02-16 15:25:36.815 [info] Deleted uninstalled extension from disk ms-python.python /home/nik/.vscode/extensions/ms-python.python-2024.22.2-linux-x64
2025-02-16 15:25:36.827 [error] [/home/nik/.vscode/extensions/ms-toolsai.jupyter-2025.1.0-linux-x64]: Extension is not compatible with Code 1.96.4. Extension requires: ^1.97.0.
2025-02-16 15:25:36.944 [error] [/home/nik/.vscode/extensions/ms-toolsai.jupyter-2025.1.0-linux-x64]: Extension is not compatible with Code 1.96.4. Extension requires: ^1.97.0.
2025-02-16 15:25:37.049 [error] [/home/nik/.vscode/extensions/ms-toolsai.jupyter-2025.1.0-linux-x64]: Extension is not compatible with Code 1.96.4. Extension requires: ^1.97.0.
2025-02-16 15:25:37.106 [error] [/home/nik/.vscode/extensions/ms-toolsai.jupyter-2025.1.0-linux-x64]: Extension is not compatible with Code 1.96.4. Extension requires: ^1.97.0.
2025-02-16 15:25:37.229 [error] [/home/nik/.vscode/extensions/ms-toolsai.jupyter-2025.1.0-linux-x64]: Extension is not compatible with Code 1.96.4. Extension requires: ^1.97.0.
2025-02-16 15:25:37.374 [error] [/home/nik/.vscode/extensions/ms-toolsai.jupyter-2025.1.0-linux-x64]: Extension is not compatible with Code 1.96.4. Extension requires: ^1.97.0.
2025-02-16 15:25:37.449 [error] [/home/nik/.vscode/extensions/ms-toolsai.jupyter-2025.1.0-linux-x64]: Extension is not compatible with Code 1.96.4. Extension requires: ^1.97.0.
2025-02-16 15:25:37.501 [error] [/home/nik/.vscode/extensions/ms-toolsai.jupyter-2025.1.0-linux-x64]: Extension is not compatible with Code 1.96.4. Extension requires: ^1.97.0.
2025-02-16 15:25:37.558 [error] [/home/nik/.vscode/extensions/ms-toolsai.jupyter-2025.1.0-linux-x64]: Extension is not compatible with Code 1.96.4. Extension requires: ^1.97.0.
2025-02-16 15:25:37.793 [error] [/home/nik/.vscode/extensions/ms-toolsai.jupyter-2025.1.0-linux-x64]: Extension is not compatible with Code 1.96.4. Extension requires: ^1.97.0.
2025-02-16 15:25:37.826 [error] [/home/nik/.vscode/extensions/ms-toolsai.jupyter-2025.1.0-linux-x64]: Extension is not compatible with Code 1.96.4. Extension requires: ^1.97.0.
2025-02-16 15:25:38.607 [error] [/home/nik/.vscode/extensions/ms-toolsai.jupyter-2025.1.0-linux-x64]: Extension is not compatible with Code 1.96.4. Extension requires: ^1.97.0.
2025-02-16 15:25:38.774 [error] [/home/nik/.vscode/extensions/ms-toolsai.jupyter-2025.1.0-linux-x64]: Extension is not compatible with Code 1.96.4. Extension requires: ^1.97.0.
2025-02-16 15:25:39.391 [error] [/home/nik/.vscode/extensions/ms-toolsai.jupyter-2025.1.0-linux-x64]: Extension is not compatible with Code 1.96.4. Extension requires: ^1.97.0.
