2025-02-02 12:24:08.354 [info] Reading sessions from keychain...
2025-02-02 12:24:08.354 [info] Getting sessions for all scopes...
2025-02-02 12:24:08.354 [info] Getting sessions for all scopes...
2025-02-02 12:24:08.354 [info] Getting sessions for all scopes...
2025-02-02 12:24:08.354 [info] Got 0 sessions for ...
2025-02-02 12:24:08.354 [info] Got 0 sessions for ...
2025-02-02 12:24:08.354 [info] Got 0 sessions for ...
2025-02-02 12:24:08.354 [info] Getting sessions for all scopes...
2025-02-02 12:24:08.354 [info] Got 0 sessions for ...
2025-02-02 12:24:08.354 [info] Getting sessions for all scopes...
2025-02-02 12:24:08.354 [info] Got 0 sessions for ...
2025-02-02 12:24:08.354 [info] Getting sessions for all scopes...
2025-02-02 12:24:08.354 [info] Got 0 sessions for ...
2025-02-02 12:24:08.354 [info] Getting sessions for all scopes...
2025-02-02 12:24:08.354 [info] Got 0 sessions for ...
2025-02-02 12:24:08.354 [info] Getting sessions for all scopes...
2025-02-02 12:24:08.354 [info] Got 0 sessions for ...
2025-02-02 12:24:09.221 [info] Getting sessions for all scopes...
2025-02-02 12:24:09.221 [info] Got 0 sessions for ...
2025-02-02 12:24:09.319 [info] Getting sessions for read:user,repo,user:email,workflow...
2025-02-02 12:24:09.319 [info] Got 0 sessions for read:user,repo,user:email,workflow...
2025-02-02 12:24:11.117 [info] Getting sessions for all scopes...
2025-02-02 12:24:11.117 [info] Got 0 sessions for ...
