2025-02-16 15:38:02.110 [info] [main] Log level: Info
2025-02-16 15:38:02.110 [info] [main] Validating found git in: "git"
2025-02-16 15:38:02.110 [info] [main] Using git "2.48.1" from "git"
2025-02-16 15:38:02.110 [info] [Model][doInitialScan] Initial repository scan started
2025-02-16 15:38:02.110 [info] > git rev-parse --show-toplevel [2ms]
2025-02-16 15:38:02.110 [info] fatal: not a git repository (or any parent up to mount point /)
Stopping at filesystem boundary (GIT_DISCOVERY_ACROSS_FILESYSTEM not set).
2025-02-16 15:38:02.110 [info] > git rev-parse --show-toplevel [1ms]
2025-02-16 15:38:02.115 [info] > git rev-parse --git-dir --git-common-dir [1ms]
2025-02-16 15:38:02.120 [info] [Model][openRepository] Opened repository: /home/nik/Documents/CloudNotes
2025-02-16 15:38:02.129 [info] > git rev-parse --show-toplevel [1ms]
2025-02-16 15:38:02.129 [info] fatal: not a git repository (or any parent up to mount point /)
Stopping at filesystem boundary (GIT_DISCOVERY_ACROSS_FILESYSTEM not set).
2025-02-16 15:38:02.131 [info] [Model][doInitialScan] Initial repository scan completed - repositories (1), closed repositories (0), parent repositories (0), unsafe repositories (0)
2025-02-16 15:38:02.132 [info] > git config --get commit.template [7ms]
2025-02-16 15:38:02.137 [info] > git for-each-ref --format=%(refname)%00%(upstream:short)%00%(objectname)%00%(upstream:track)%00%(upstream:remotename)%00%(upstream:remoteref) refs/heads/master refs/remotes/master [2ms]
2025-02-16 15:38:02.145 [info] > git status -z -uall [4ms]
2025-02-16 15:38:02.146 [info] > git for-each-ref --sort -committerdate --format %(refname) %(objectname) %(*objectname) [1ms]
2025-02-16 15:38:02.157 [info] > git for-each-ref --format=%(refname)%00%(upstream:short)%00%(objectname)%00%(upstream:track)%00%(upstream:remotename)%00%(upstream:remoteref) refs/heads/master refs/remotes/master [5ms]
2025-02-16 15:38:02.162 [info] > git config --get commit.template [4ms]
2025-02-16 15:38:02.165 [info] > git config --local branch.master.vscode-merge-base [4ms]
2025-02-16 15:38:02.169 [info] > git for-each-ref --format=%(refname)%00%(upstream:short)%00%(objectname)%00%(upstream:track)%00%(upstream:remotename)%00%(upstream:remoteref) refs/heads/master refs/remotes/master [4ms]
2025-02-16 15:38:02.178 [info] > git status -z -uall [5ms]
2025-02-16 15:38:02.179 [info] > git for-each-ref --format=%(refname)%00%(upstream:short)%00%(objectname)%00%(upstream:track)%00%(upstream:remotename)%00%(upstream:remoteref) refs/heads/origin/master refs/remotes/origin/master [9ms]
2025-02-16 15:38:02.193 [info] > git merge-base refs/heads/master refs/remotes/origin/master [9ms]
2025-02-16 15:38:02.197 [info] > git for-each-ref --sort -committerdate --format %(refname) %(objectname) %(*objectname) [20ms]
2025-02-16 15:38:02.204 [info] > git merge-base refs/heads/master refs/remotes/origin/master [2ms]
2025-02-16 15:38:02.208 [info] > git diff --name-status -z --diff-filter=ADMR 5e0e6ba837b0ad5275084e3e4ba0e80a81af5a21...refs/remotes/origin/master [11ms]
2025-02-16 15:38:02.527 [info] > git diff --name-status -z --diff-filter=ADMR 5e0e6ba837b0ad5275084e3e4ba0e80a81af5a21...refs/remotes/origin/master [319ms]
2025-02-16 15:38:02.954 [info] > git rev-parse --show-toplevel [81ms]
2025-02-16 15:38:02.954 [info] fatal: not a git repository (or any parent up to mount point /)
Stopping at filesystem boundary (GIT_DISCOVERY_ACROSS_FILESYSTEM not set).
2025-02-16 15:38:03.123 [info] > git rev-parse --show-toplevel [21ms]
2025-02-16 15:38:03.123 [info] fatal: not a git repository (or any parent up to mount point /)
Stopping at filesystem boundary (GIT_DISCOVERY_ACROSS_FILESYSTEM not set).
2025-02-16 15:38:03.135 [info] > git rev-parse --show-toplevel [2ms]
2025-02-16 15:38:03.135 [info] fatal: not a git repository (or any parent up to mount point /)
Stopping at filesystem boundary (GIT_DISCOVERY_ACROSS_FILESYSTEM not set).
2025-02-16 15:38:03.563 [info] > git check-ignore -v -z --stdin [74ms]
2025-02-16 15:38:03.563 [info] > git rev-parse --show-toplevel [15ms]
2025-02-16 15:38:03.563 [info] fatal: not a git repository (or any parent up to mount point /)
Stopping at filesystem boundary (GIT_DISCOVERY_ACROSS_FILESYSTEM not set).
2025-02-16 15:38:04.655 [info] > git rev-parse --show-toplevel [3ms]
2025-02-16 15:38:04.655 [info] fatal: not a git repository (or any parent up to mount point /)
Stopping at filesystem boundary (GIT_DISCOVERY_ACROSS_FILESYSTEM not set).
2025-02-16 15:38:06.480 [info] > git rev-parse --show-toplevel [2ms]
2025-02-16 15:38:06.480 [info] fatal: not a git repository (or any parent up to mount point /)
Stopping at filesystem boundary (GIT_DISCOVERY_ACROSS_FILESYSTEM not set).
2025-02-16 15:38:21.014 [info] > git check-ignore -v -z --stdin [2ms]
2025-02-16 15:39:01.447 [info] > git rev-parse --show-toplevel [3ms]
2025-02-16 15:39:01.447 [info] fatal: not a git repository (or any parent up to mount point /)
Stopping at filesystem boundary (GIT_DISCOVERY_ACROSS_FILESYSTEM not set).
2025-02-16 15:39:01.475 [info] > git log --format=%H%n%aN%n%aE%n%at%n%ct%n%P%n%D%n%B -z --shortstat --diff-merges=first-parent -n50 --skip=0 --topo-order --decorate=full --stdin [55ms]
2025-02-16 15:39:15.064 [info] [main] Log level: Info
2025-02-16 15:39:15.064 [info] [main] Validating found git in: "git"
2025-02-16 15:39:15.064 [info] [main] Using git "2.48.1" from "git"
2025-02-16 15:39:15.064 [info] [Model][doInitialScan] Initial repository scan started
2025-02-16 15:39:15.064 [info] > git rev-parse --show-toplevel [5ms]
2025-02-16 15:39:15.064 [info] fatal: not a git repository (or any parent up to mount point /)
Stopping at filesystem boundary (GIT_DISCOVERY_ACROSS_FILESYSTEM not set).
2025-02-16 15:39:15.071 [info] > git rev-parse --show-toplevel [8ms]
2025-02-16 15:39:15.097 [info] > git rev-parse --git-dir --git-common-dir [2ms]
2025-02-16 15:39:15.104 [info] [Model][openRepository] Opened repository: /home/nik/Documents/CloudNotes
2025-02-16 15:39:15.119 [info] > git config --get commit.template [5ms]
2025-02-16 15:39:15.120 [info] > git rev-parse --show-toplevel [2ms]
2025-02-16 15:39:15.120 [info] fatal: not a git repository (or any parent up to mount point /)
Stopping at filesystem boundary (GIT_DISCOVERY_ACROSS_FILESYSTEM not set).
2025-02-16 15:39:15.122 [info] [Model][doInitialScan] Initial repository scan completed - repositories (1), closed repositories (0), parent repositories (0), unsafe repositories (0)
2025-02-16 15:39:15.150 [info] > git for-each-ref --format=%(refname)%00%(upstream:short)%00%(objectname)%00%(upstream:track)%00%(upstream:remotename)%00%(upstream:remoteref) refs/heads/master refs/remotes/master [23ms]
2025-02-16 15:39:15.168 [info] > git status -z -uall [8ms]
2025-02-16 15:39:15.169 [info] > git for-each-ref --sort -committerdate --format %(refname) %(objectname) %(*objectname) [2ms]
2025-02-16 15:39:15.192 [info] > git for-each-ref --format=%(refname)%00%(upstream:short)%00%(objectname)%00%(upstream:track)%00%(upstream:remotename)%00%(upstream:remoteref) refs/heads/master refs/remotes/master [15ms]
2025-02-16 15:39:15.220 [info] > git config --local branch.master.vscode-merge-base [23ms]
2025-02-16 15:39:15.226 [info] > git config --get commit.template [35ms]
2025-02-16 15:39:15.232 [info] > git for-each-ref --format=%(refname)%00%(upstream:short)%00%(objectname)%00%(upstream:track)%00%(upstream:remotename)%00%(upstream:remoteref) refs/heads/origin/master refs/remotes/origin/master [7ms]
2025-02-16 15:39:15.250 [info] > git merge-base refs/heads/master refs/remotes/origin/master [12ms]
2025-02-16 15:39:15.256 [info] > git for-each-ref --format=%(refname)%00%(upstream:short)%00%(objectname)%00%(upstream:track)%00%(upstream:remotename)%00%(upstream:remoteref) refs/heads/master refs/remotes/master [24ms]
2025-02-16 15:39:15.259 [info] > git diff --name-status -z --diff-filter=ADMR 5e0e6ba837b0ad5275084e3e4ba0e80a81af5a21...refs/remotes/origin/master [3ms]
2025-02-16 15:39:15.271 [info] > git status -z -uall [5ms]
2025-02-16 15:39:15.272 [info] > git for-each-ref --sort -committerdate --format %(refname) %(objectname) %(*objectname) [2ms]
2025-02-16 15:39:15.964 [info] > git rev-parse --show-toplevel [2ms]
2025-02-16 15:39:15.964 [info] fatal: not a git repository (or any parent up to mount point /)
Stopping at filesystem boundary (GIT_DISCOVERY_ACROSS_FILESYSTEM not set).
2025-02-16 15:39:31.257 [info] > git check-ignore -v -z --stdin [2ms]
