2025-02-17 19:32:42.745 [info] [Info  - 7:32:42 PM] (2166) Server root directory: file:///home/nik/.vscode/extensions/ms-python.vscode-pylance-2025.2.1/dist
2025-02-17 19:32:42.746 [info] [Info  - 7:32:42 PM] (2166) Pylance language server 2025.2.1 (pyright version 1.1.393, commit 3763156f) starting
2025-02-17 19:32:42.746 [info] [Info  - 7:32:42 PM] (2166) Starting service instance "Documents"
2025-02-17 19:32:42.784 [info] [Info  - 7:32:42 PM] (2166) Setting environmentName for service "Documents": "3.13.1 (jupyter_env venv)"
2025-02-17 19:32:42.785 [info] [Info  - 7:32:42 PM] (2166) Setting pythonPath for service "Documents": "/home/nik/Documents/python_env/jupyter_env/bin/python3.13"
2025-02-17 19:32:42.785 [info] [Info  - 7:32:42 PM] (2166) No include entries specified; assuming /home/nik/Documents
2025-02-17 19:32:42.785 [info] [Info  - 7:32:42 PM] (2166) Auto-excluding **/node_modules
2025-02-17 19:32:42.785 [info] [Info  - 7:32:42 PM] (2166) Auto-excluding **/__pycache__
2025-02-17 19:32:42.785 [info] [Info  - 7:32:42 PM] (2166) Auto-excluding **/.*
2025-02-17 19:32:42.808 [info] [Info  - 7:32:42 PM] (2166) Assuming Python version 3.13.1.final.0
2025-02-17 19:32:42.866 [info] [Info  - 7:32:42 PM] (2166) Auto-excluding /home/nik/Documents/python_env/jupyter_env
2025-02-17 19:32:42.868 [info] [Info  - 7:32:42 PM] (2166) Found 2 source files
2025-02-17 19:32:43.341 [info] [Info  - 7:32:43 PM] (2166) Background analysis(1) root directory: file:///home/nik/.vscode/extensions/ms-python.vscode-pylance-2025.2.1/dist
2025-02-17 19:32:43.344 [info] [Info  - 7:32:43 PM] (2166) Background analysis(1) started
2025-02-17 19:32:43.432 [info] [Info  - 7:32:43 PM] (2166) Indexer background runner(2) root directory: file:///home/nik/.vscode/extensions/ms-python.vscode-pylance-2025.2.1/dist (index)
2025-02-17 19:32:43.432 [info] [Info  - 7:32:43 PM] (2166) Indexing(2) started
2025-02-17 19:32:43.731 [info] [Info  - 7:32:43 PM] (2166) scanned(2) 35 files over 1 exec env
2025-02-17 19:32:43.837 [info] [Info  - 7:32:43 PM] (2166) indexed(2) 35 files over 1 exec env
2025-02-17 19:32:43.849 [info] [Info  - 7:32:43 PM] (2166) Indexing finished(2).
2025-02-17 19:32:52.375 [info] (Client) The existing extension didn't exit within 10 seconds. New instance will start, but you might encounter issues.
2025-02-17 19:32:52.375 [info] (Client) Pylance async client (2025.2.1) started with python extension (2025.0.0)
2025-02-17 19:33:54.711 [info] [Info  - 7:33:54 PM] (2166) Starting service instance "Documents"
2025-02-17 19:33:54.782 [info] [Info  - 7:33:54 PM] (2166) Setting environmentName for service "Documents": "3.13.1 (jupyter_env venv)"
2025-02-17 19:33:54.783 [info] [Info  - 7:33:54 PM] (2166) Setting pythonPath for service "Documents": "/home/nik/Documents"
2025-02-17 19:33:54.788 [info] [Info  - 7:33:54 PM] (2166) No include entries specified; assuming /home/nik/Documents
2025-02-17 19:33:54.789 [info] [Info  - 7:33:54 PM] (2166) Auto-excluding **/node_modules
2025-02-17 19:33:54.789 [info] [Info  - 7:33:54 PM] (2166) Auto-excluding **/__pycache__
2025-02-17 19:33:54.789 [info] [Info  - 7:33:54 PM] (2166) Auto-excluding **/.*
2025-02-17 19:33:54.789 [info] [Info  - 7:33:54 PM] (2166) Auto-excluding /home/nik/Documents/python_env/jupyter_env
2025-02-17 19:33:54.790 [info] [Info  - 7:33:54 PM] (2166) Found 2 source files
2025-02-17 19:33:55.292 [info] [Info  - 7:33:55 PM] (2166) Background analysis(3) root directory: file:///home/nik/.vscode/extensions/ms-python.vscode-pylance-2025.2.1/dist
2025-02-17 19:33:55.294 [info] [Info  - 7:33:55 PM] (2166) Background analysis(3) started
2025-02-17 19:33:55.415 [info] [Info  - 7:33:55 PM] (2166) Indexer background runner(4) root directory: file:///home/nik/.vscode/extensions/ms-python.vscode-pylance-2025.2.1/dist (index)
2025-02-17 19:33:55.415 [info] [Info  - 7:33:55 PM] (2166) Indexing(4) started
2025-02-17 19:33:55.576 [info] [Info  - 7:33:55 PM] (2166) scanned(4) 1 files over 1 exec env
2025-02-17 19:33:55.689 [info] [Info  - 7:33:55 PM] (2166) indexed(4) 1 files over 1 exec env
2025-02-17 19:33:55.695 [info] [Info  - 7:33:55 PM] (2166) Indexing finished(4).
2025-02-17 19:35:01.773 [info] [Info  - 7:35:01 PM] (2166) Starting service instance "<default>"
2025-02-17 19:35:01.785 [info] [Info  - 7:35:01 PM] (2166) Setting environmentName for service "<default>": "3.13.1 (jupyter_env venv)"
2025-02-17 19:35:01.785 [info] [Info  - 7:35:01 PM] (2166) Setting pythonPath for service "<default>": "/home/nik/Documents/python_env/jupyter_env/bin/python3.13"
2025-02-17 19:35:01.785 [info] [Info  - 7:35:01 PM] (2166) No include entries specified; assuming /<default workspace root>
2025-02-17 19:35:01.785 [info] [Info  - 7:35:01 PM] (2166) Auto-excluding **/node_modules
2025-02-17 19:35:01.785 [info] [Info  - 7:35:01 PM] (2166) Auto-excluding **/__pycache__
2025-02-17 19:35:01.785 [info] [Info  - 7:35:01 PM] (2166) Auto-excluding **/.*
2025-02-17 19:35:01.804 [info] [Info  - 7:35:01 PM] (2166) Assuming Python version 3.13.1.final.0
2025-02-17 19:35:01.831 [info] [Error - 7:35:01 PM] (2166) File or directory "/<default workspace root>" does not exist.
2025-02-17 19:35:01.831 [info] [Info  - 7:35:01 PM] (2166) No source files found.
2025-02-17 19:35:02.187 [info] [Info  - 7:35:02 PM] (2166) Background analysis(5) root directory: file:///home/nik/.vscode/extensions/ms-python.vscode-pylance-2025.2.1/dist
2025-02-17 19:35:02.189 [info] [Info  - 7:35:02 PM] (2166) Background analysis(5) started
