2025-02-17 19:32:41.965 [info] Experiment 'pythonRecommendTensorboardExt' is active
2025-02-17 19:32:41.965 [info] Experiment 'pythonSurveyNotificationcf' is active
2025-02-17 19:32:41.965 [info] Experiment 'pythonTerminalEnvVarActivation' is active
2025-02-17 19:32:41.965 [info] Experiment 'pythonTestAdapter' is active
2025-02-17 19:32:41.965 [warning] Dir "/home/nik/Documents/.pixi/envs" is not watchable (directory does not exist)
2025-02-17 19:32:41.965 [info] Python interpreter path: ./python_env/jupyter_env/bin/python3.13
2025-02-17 19:32:41.975 [info] > pyenv which python
2025-02-17 19:32:41.975 [info] cwd: .
2025-02-17 19:32:42.236 [info] > conda info --json
2025-02-17 19:32:42.348 [info] > . ./python_env/jupyter_env/bin/activate && echo 'e8b39361-0157-4923-80e1-22d70d46dee6' && python ~/.vscode/extensions/ms-python.python-2025.0.0-linux-x64/python_files/printEnvVariables.py
2025-02-17 19:32:42.348 [info] shell: zsh
2025-02-17 19:32:42.393 [info] > /bin/python ~/.vscode/extensions/ms-python.python-2025.0.0-linux-x64/python_files/printEnvVariables.py
2025-02-17 19:32:42.393 [info] shell: zsh
2025-02-17 19:32:42.421 [info] Prepending environment variable PATH in collection with /home/nik/.vscode/extensions/ms-python.python-2025.0.0-linux-x64/python_files/deactivate/zsh:/home/nik/Documents/python_env/jupyter_env/bin: {"applyAtShellIntegration":true,"applyAtProcessCreation":true}
2025-02-17 19:32:42.421 [info] Setting environment variable VIRTUAL_ENV in collection to /home/nik/Documents/python_env/jupyter_env {"applyAtShellIntegration":true,"applyAtProcessCreation":true}
2025-02-17 19:32:42.421 [info] Setting environment variable VIRTUAL_ENV_PROMPT in collection to jupyter_env {"applyAtShellIntegration":true,"applyAtProcessCreation":true}
2025-02-17 19:32:42.421 [info] Prepending environment variable PS1 in collection with jupyter_env {"applyAtShellIntegration":true,"applyAtProcessCreation":false}
2025-02-17 19:32:42.422 [info] Send text to terminal: /bin/python /home/nik/.vscode/extensions/ms-python.python-2025.0.0-linux-x64/python_files/printEnvVariablesToFile.py /home/nik/.vscode/extensions/ms-python.python-2025.0.0-linux-x64/python_files/deactivate/zsh/envVars.txt
2025-02-17 19:32:52.376 [info] Starting Pylance language server.
2025-02-17 19:33:12.424 [error] Failed to initialize deactivate script /usr/bin/zsh [Error: "/home/nik/.vscode/extensions/ms-python.python-2025.0.0-linux-x64/python_files/deactivate/zsh/envVars.txt" file not created
	at Timeout.<anonymous> (/home/nik/.vscode/extensions/ms-python.python-2025.0.0-linux-x64/out/client/extension.js:2:311758)
	at listOnTimeout (node:internal/timers:581:17)
	at process.processTimers (node:internal/timers:519:7)]
2025-02-17 19:33:54.651 [info] Starting Environment refresh
2025-02-17 19:33:54.652 [info] Searching for interpreters in posix paths locator
2025-02-17 19:33:54.652 [info] Searching for pyenv environments
2025-02-17 19:33:54.652 [info] Searching for conda environments
2025-02-17 19:33:54.652 [info] Searching for global virtual environments
2025-02-17 19:33:54.652 [info] Searching for custom virtual environments
2025-02-17 19:33:54.657 [info] > hatch env show --json
2025-02-17 19:33:54.657 [info] cwd: .
2025-02-17 19:33:54.658 [info] pyenv is not installed
2025-02-17 19:33:54.658 [info] Finished searching for pyenv environments: 6 milliseconds
2025-02-17 19:33:54.658 [info] Finished searching for custom virtual envs: 6 milliseconds
2025-02-17 19:33:54.686 [info] Finished searching for global virtual envs: 34 milliseconds
2025-02-17 19:33:54.711 [info] Found: /bin/python --> /bin/python3.13
2025-02-17 19:33:54.718 [info] > . ./python_env/jupyter_env/bin/activate && echo 'e8b39361-0157-4923-80e1-22d70d46dee6' && python ~/.vscode/extensions/ms-python.python-2025.0.0-linux-x64/python_files/printEnvVariables.py
2025-02-17 19:33:54.718 [info] shell: bash
2025-02-17 19:33:54.720 [info] Found: /bin/python3 --> /bin/python3.13
2025-02-17 19:33:54.723 [info] Found: /bin/python3.13 --> /bin/python3.13
2025-02-17 19:33:54.739 [info] > . ./python_env/jupyter_env/bin/activate && echo 'e8b39361-0157-4923-80e1-22d70d46dee6' && python ~/.vscode/extensions/ms-python.python-2025.0.0-linux-x64/python_files/printEnvVariables.py
2025-02-17 19:33:54.739 [info] shell: bash
2025-02-17 19:33:54.755 [info] > ./python_env/jupyter_env/bin/python3.13 -I ~/.vscode/extensions/ms-python.python-2025.0.0-linux-x64/python_files/get_output_via_markers.py ~/.vscode/extensions/ms-python.python-2025.0.0-linux-x64/python_files/interpreterInfo.py
2025-02-17 19:33:54.759 [info] Found: /sbin/python --> /sbin/python3.13
2025-02-17 19:33:54.759 [info] Found: /sbin/python3 --> /sbin/python3.13
2025-02-17 19:33:54.776 [info] Found: /sbin/python3.13 --> /sbin/python3.13
2025-02-17 19:33:54.789 [info] Found: /usr/bin/python --> /usr/bin/python3.13
2025-02-17 19:33:54.790 [info] Found: /usr/bin/python3 --> /usr/bin/python3.13
2025-02-17 19:33:54.790 [info] Found: /usr/bin/python3.13 --> /usr/bin/python3.13
2025-02-17 19:33:54.815 [info] Found: /usr/sbin/python --> /usr/sbin/python3.13
2025-02-17 19:33:54.815 [info] Found: /usr/sbin/python3 --> /usr/sbin/python3.13
2025-02-17 19:33:54.816 [info] Found: /usr/sbin/python3.13 --> /usr/sbin/python3.13
2025-02-17 19:33:54.827 [info] > /bin/python -I ~/.vscode/extensions/ms-python.python-2025.0.0-linux-x64/python_files/get_output_via_markers.py ~/.vscode/extensions/ms-python.python-2025.0.0-linux-x64/python_files/interpreterInfo.py
2025-02-17 19:33:54.842 [info] > /sbin/python -I ~/.vscode/extensions/ms-python.python-2025.0.0-linux-x64/python_files/get_output_via_markers.py ~/.vscode/extensions/ms-python.python-2025.0.0-linux-x64/python_files/interpreterInfo.py
2025-02-17 19:33:54.846 [info] Finished searching for interpreters in posix paths locator: 195 milliseconds
2025-02-17 19:33:54.850 [info] Environments refresh paths discovered (event): 199 milliseconds
2025-02-17 19:33:54.850 [info] Environments refresh paths discovered: 199 milliseconds
2025-02-17 19:33:54.879 [info] > /usr/bin/python -I ~/.vscode/extensions/ms-python.python-2025.0.0-linux-x64/python_files/get_output_via_markers.py ~/.vscode/extensions/ms-python.python-2025.0.0-linux-x64/python_files/interpreterInfo.py
2025-02-17 19:33:54.887 [info] > /usr/sbin/python -I ~/.vscode/extensions/ms-python.python-2025.0.0-linux-x64/python_files/get_output_via_markers.py ~/.vscode/extensions/ms-python.python-2025.0.0-linux-x64/python_files/interpreterInfo.py
2025-02-17 19:33:54.931 [info] Environments refresh finished (event): 280 milliseconds
2025-02-17 19:33:54.936 [info] Environment refresh took 285 milliseconds
2025-02-17 19:35:21.134 [info] Discover tests for workspace name: Documents - uri: /home/nik/Documents/dyn_prog.py
2025-02-17 19:49:00.525 [info] > ./python_env/jupyter_env/bin/python3.13 ~/.vscode/extensions/ms-python.python-2025.0.0-linux-x64/python_files/normalizeSelection.py
2025-02-17 19:49:01.162 [info] Send text to terminal: /home/nik/Documents/python_env/jupyter_env/bin/python3.13
2025-02-17 19:49:03.558 [info] Send text to terminal: [200~deprecated[201~
2025-02-17 19:50:32.966 [info] Discover tests for workspace name: Documents - uri: /home/nik/Documents/dyn_prog.py
2025-02-17 19:51:01.790 [info] Discover tests for workspace name: Documents - uri: /home/nik/Documents/dyn_prog.py
2025-02-17 19:53:05.250 [info] Discover tests for workspace name: Documents - uri: /home/nik/Documents/dyn_prog.py
2025-02-17 19:53:38.598 [info] Discover tests for workspace name: Documents - uri: /home/nik/Documents/dyn_prog.py
