2025-02-02 12:24:08.400 [info] [main] Log level: Info
2025-02-02 12:24:08.400 [info] [main] Validating found git in: "git"
2025-02-02 12:24:08.400 [info] [main] Using git "2.48.1" from "git"
2025-02-02 12:24:08.400 [info] [Model][doInitialScan] Initial repository scan started
2025-02-02 12:24:08.400 [info] > git rev-parse --show-toplevel [2ms]
2025-02-02 12:24:08.400 [info] fatal: not a git repository (or any parent up to mount point /)
Stopping at filesystem boundary (GIT_DISCOVERY_ACROSS_FILESYSTEM not set).
2025-02-02 12:24:08.400 [info] > git rev-parse --show-toplevel [0ms]
2025-02-02 12:24:08.404 [info] > git rev-parse --git-dir --git-common-dir [1ms]
2025-02-02 12:24:08.411 [info] [Model][openRepository] Opened repository: /home/nik/Documents/CloudNotes
2025-02-02 12:24:08.419 [info] > git config --get commit.template [3ms]
2025-02-02 12:24:08.419 [info] > git rev-parse --show-toplevel [1ms]
2025-02-02 12:24:08.419 [info] fatal: not a git repository (or any parent up to mount point /)
Stopping at filesystem boundary (GIT_DISCOVERY_ACROSS_FILESYSTEM not set).
2025-02-02 12:24:08.422 [info] [Model][doInitialScan] Initial repository scan completed - repositories (1), closed repositories (0), parent repositories (0), unsafe repositories (0)
2025-02-02 12:24:08.427 [info] > git for-each-ref --format=%(refname)%00%(upstream:short)%00%(objectname)%00%(upstream:track)%00%(upstream:remotename)%00%(upstream:remoteref) refs/heads/master refs/remotes/master [2ms]
2025-02-02 12:24:08.436 [info] > git status -z -uall [5ms]
2025-02-02 12:24:08.437 [info] > git for-each-ref --sort -committerdate --format %(refname) %(objectname) %(*objectname) [1ms]
2025-02-02 12:24:08.450 [info] > git for-each-ref --format=%(refname)%00%(upstream:short)%00%(objectname)%00%(upstream:track)%00%(upstream:remotename)%00%(upstream:remoteref) refs/heads/master refs/remotes/master [5ms]
2025-02-02 12:24:08.454 [info] > git config --get commit.template [5ms]
2025-02-02 12:24:08.455 [info] > git config --local branch.master.vscode-merge-base [1ms]
2025-02-02 12:24:08.462 [info] > git for-each-ref --format=%(refname)%00%(upstream:short)%00%(objectname)%00%(upstream:track)%00%(upstream:remotename)%00%(upstream:remoteref) refs/heads/origin/master refs/remotes/origin/master [4ms]
2025-02-02 12:24:08.475 [info] > git merge-base refs/heads/master refs/remotes/origin/master [9ms]
2025-02-02 12:24:08.479 [info] > git for-each-ref --format=%(refname)%00%(upstream:short)%00%(objectname)%00%(upstream:track)%00%(upstream:remotename)%00%(upstream:remoteref) refs/heads/master refs/remotes/master [18ms]
2025-02-02 12:24:08.487 [info] > git status -z -uall [4ms]
2025-02-02 12:24:08.487 [info] > git diff --name-status -z --diff-filter=ADMR 5e0e6ba837b0ad5275084e3e4ba0e80a81af5a21...refs/remotes/origin/master [8ms]
2025-02-02 12:24:08.488 [info] > git for-each-ref --sort -committerdate --format %(refname) %(objectname) %(*objectname) [1ms]
2025-02-02 12:24:09.326 [info] > git rev-parse --show-toplevel [97ms]
2025-02-02 12:24:09.326 [info] fatal: not a git repository (or any parent up to mount point /)
Stopping at filesystem boundary (GIT_DISCOVERY_ACROSS_FILESYSTEM not set).
2025-02-02 12:24:09.342 [info] > git rev-parse --show-toplevel [3ms]
2025-02-02 12:24:09.342 [info] fatal: not a git repository (or any parent up to mount point /)
Stopping at filesystem boundary (GIT_DISCOVERY_ACROSS_FILESYSTEM not set).
2025-02-02 12:24:09.419 [info] > git rev-parse --show-toplevel [50ms]
2025-02-02 12:24:09.419 [info] fatal: not a git repository (or any parent up to mount point /)
Stopping at filesystem boundary (GIT_DISCOVERY_ACROSS_FILESYSTEM not set).
2025-02-02 12:24:09.834 [info] > git check-ignore -v -z --stdin [18ms]
2025-02-02 12:24:10.994 [info] > git rev-parse --show-toplevel [4ms]
2025-02-02 12:24:10.994 [info] fatal: not a git repository (or any parent up to mount point /)
Stopping at filesystem boundary (GIT_DISCOVERY_ACROSS_FILESYSTEM not set).
2025-02-02 12:24:43.258 [info] > git rev-parse --show-toplevel [2ms]
2025-02-02 12:24:43.258 [info] fatal: not a git repository (or any parent up to mount point /)
Stopping at filesystem boundary (GIT_DISCOVERY_ACROSS_FILESYSTEM not set).
2025-02-02 12:24:50.724 [info] > git rev-parse --show-toplevel [1ms]
2025-02-02 12:24:50.724 [info] fatal: not a git repository (or any parent up to mount point /)
Stopping at filesystem boundary (GIT_DISCOVERY_ACROSS_FILESYSTEM not set).
2025-02-02 12:25:03.695 [info] > git rev-parse --show-toplevel [1ms]
2025-02-02 12:25:03.695 [info] fatal: not a git repository (or any parent up to mount point /)
Stopping at filesystem boundary (GIT_DISCOVERY_ACROSS_FILESYSTEM not set).
