2025-02-16 16:05:05.401 [info] Reading sessions from keychain...
2025-02-16 16:05:05.401 [info] Getting sessions for all scopes...
2025-02-16 16:05:05.401 [info] Getting sessions for all scopes...
2025-02-16 16:05:05.401 [info] Getting sessions for all scopes...
2025-02-16 16:05:05.401 [info] Getting sessions for all scopes...
2025-02-16 16:05:05.401 [info] Getting sessions for all scopes...
2025-02-16 16:05:05.401 [info] Getting sessions for all scopes...
2025-02-16 16:05:05.401 [info] Getting sessions for all scopes...
2025-02-16 16:05:05.401 [info] Got 0 sessions for ...
2025-02-16 16:05:05.401 [info] Got 0 sessions for ...
2025-02-16 16:05:05.401 [info] Got 0 sessions for ...
2025-02-16 16:05:05.401 [info] Got 0 sessions for ...
2025-02-16 16:05:05.401 [info] Got 0 sessions for ...
2025-02-16 16:05:05.401 [info] Got 0 sessions for ...
2025-02-16 16:05:05.401 [info] Got 0 sessions for ...
2025-02-16 16:05:05.401 [info] Getting sessions for all scopes...
2025-02-16 16:05:05.401 [info] Got 0 sessions for ...
2025-02-16 16:05:06.327 [info] Getting sessions for read:user,repo,user:email,workflow...
2025-02-16 16:05:06.327 [info] Got 0 sessions for read:user,repo,user:email,workflow...
2025-02-16 16:05:06.542 [info] Getting sessions for all scopes...
2025-02-16 16:05:06.542 [info] Got 0 sessions for ...
