2025-01-25 12:31:27.410 [info] Experiment 'pythonRecommendTensorboardExt' is active
2025-01-25 12:31:27.410 [info] Experiment 'pythonSurveyNotificationcf' is active
2025-01-25 12:31:27.410 [info] Experiment 'pythonTerminalEnvVarActivation' is active
2025-01-25 12:31:27.410 [info] Experiment 'pythonTestAdapter' is active
2025-01-25 12:31:27.410 [warning] Dir "/home/nik/.config/.pixi/envs" is not watchable (directory does not exist)
2025-01-25 12:31:27.410 [info] Starting Environment refresh
2025-01-25 12:31:27.410 [info] Starting Environment refresh
2025-01-25 12:31:27.410 [info] > hatch env show --json
2025-01-25 12:31:27.410 [info] cwd: .
2025-01-25 12:31:27.421 [info] > conda info --json
2025-01-25 12:31:27.433 [info] Environments refresh finished (event): 371 milliseconds
2025-01-25 12:31:27.433 [info] Environments refresh paths discovered: 371 milliseconds
2025-01-25 12:31:27.433 [info] Environment refresh took 372 milliseconds
2025-01-25 12:31:27.434 [info] Environments refresh finished (event): 372 milliseconds
2025-01-25 12:31:27.434 [info] Environments refresh paths discovered: 372 milliseconds
2025-01-25 12:31:27.434 [info] Environment refresh took 372 milliseconds
2025-01-25 12:31:27.438 [info] > pyenv which python
2025-01-25 12:31:27.438 [info] cwd: .
2025-01-25 12:31:27.443 [info] Python interpreter path: /bin/python
2025-01-25 12:31:27.549 [info] Shell integration status changed, can confirm it's working.
2025-01-25 12:31:34.302 [info] CreateEnv Trigger - Skipping for /home/nik/.config/hypr/scripts/change_wall.py
2025-01-25 12:31:37.656 [info] Starting Pylance language server.
