2025-01-25 12:31:27.825 [info] [Info  - 12:31:27 PM] (5677) Server root directory: file:///home/nik/.vscode/extensions/ms-python.vscode-pylance-2024.12.1/dist
2025-01-25 12:31:27.825 [info] [Info  - 12:31:27 PM] (5677) Pylance language server 2024.12.1 (pyright version 1.1.389, commit ce1325fc) starting
2025-01-25 12:31:27.825 [info] [Info  - 12:31:27 PM] (5677) Starting service instance ".config"
2025-01-25 12:31:27.849 [info] [Info  - 12:31:27 PM] (5677) Setting environmentName for service ".config": "3.13.1 (global)"
2025-01-25 12:31:27.849 [info] [Info  - 12:31:27 PM] (5677) Setting pythonPath for service ".config": "/bin/python"
2025-01-25 12:31:27.849 [info] [Info  - 12:31:27 PM] (5677) No include entries specified; assuming /home/nik/.config
2025-01-25 12:31:27.849 [info] [Info  - 12:31:27 PM] (5677) Auto-excluding **/node_modules
2025-01-25 12:31:27.850 [info] [Info  - 12:31:27 PM] (5677) Auto-excluding **/__pycache__
2025-01-25 12:31:27.850 [info] [Info  - 12:31:27 PM] (5677) Auto-excluding **/.*
2025-01-25 12:31:27.868 [info] [Info  - 12:31:27 PM] (5677) Assuming Python version 3.13.1.final.0
2025-01-25 12:31:27.940 [info] [Info  - 12:31:27 PM] (5677) Found 48 source files
2025-01-25 12:31:28.286 [info] [Info  - 12:31:28 PM] (5677) Background analysis(1) root directory: file:///home/nik/.vscode/extensions/ms-python.vscode-pylance-2024.12.1/dist
2025-01-25 12:31:28.288 [info] [Info  - 12:31:28 PM] (5677) Background analysis(1) started
2025-01-25 12:31:28.373 [info] [Info  - 12:31:28 PM] (5677) Indexer background runner(2) root directory: file:///home/nik/.vscode/extensions/ms-python.vscode-pylance-2024.12.1/dist (index)
2025-01-25 12:31:28.373 [info] [Info  - 12:31:28 PM] (5677) Indexing(2) started
2025-01-25 12:31:28.651 [info] [Info  - 12:31:28 PM] (5677) scanned(2) 37 files over 1 exec env
2025-01-25 12:31:28.899 [info] [Info  - 12:31:28 PM] (5677) indexed(2) 37 files over 1 exec env
2025-01-25 12:31:28.911 [info] [Info  - 12:31:28 PM] (5677) Indexing finished(2).
2025-01-25 12:31:37.655 [info] (Client) The existing extension didn't exit within 10 seconds. New instance will start, but you might encounter issues.
2025-01-25 12:31:37.655 [info] (Client) Pylance async client (2024.12.1) started with python extension (2024.22.2)
