2025-01-24 13:26:03.835 [info] [main] Log level: Info
2025-01-24 13:26:03.835 [info] [main] Validating found git in: "git"
2025-01-24 13:26:03.835 [info] [main] Using git "2.48.1" from "git"
2025-01-24 13:26:03.835 [info] [Model][doInitialScan] Initial repository scan started
2025-01-24 13:26:03.835 [info] > git rev-parse --show-toplevel [142ms]
2025-01-24 13:26:03.835 [info] fatal: not a git repository (or any parent up to mount point /)
Stopping at filesystem boundary (GIT_DISCOVERY_ACROSS_FILESYSTEM not set).
2025-01-24 13:26:03.835 [info] > git rev-parse --show-toplevel [4ms]
2025-01-24 13:26:03.835 [info] fatal: not a git repository (or any parent up to mount point /)
Stopping at filesystem boundary (GIT_DISCOVERY_ACROSS_FILESYSTEM not set).
2025-01-24 13:26:03.835 [info] > git rev-parse --show-toplevel [19ms]
2025-01-24 13:26:03.835 [info] fatal: not a git repository (or any parent up to mount point /)
Stopping at filesystem boundary (GIT_DISCOVERY_ACROSS_FILESYSTEM not set).
2025-01-24 13:26:03.835 [info] [Model][doInitialScan] Initial repository scan completed - repositories (0), closed repositories (0), parent repositories (0), unsafe repositories (0)
2025-01-24 13:26:03.943 [info] > git rev-parse --show-toplevel [0ms]
2025-01-24 13:26:03.943 [info] fatal: not a git repository (or any parent up to mount point /)
Stopping at filesystem boundary (GIT_DISCOVERY_ACROSS_FILESYSTEM not set).
2025-01-24 13:26:07.948 [info] > git rev-parse --show-toplevel [1ms]
2025-01-24 13:26:07.948 [info] fatal: not a git repository (or any parent up to mount point /)
Stopping at filesystem boundary (GIT_DISCOVERY_ACROSS_FILESYSTEM not set).
2025-01-24 13:26:13.975 [info] > git rev-parse --show-toplevel [1ms]
2025-01-24 13:26:13.975 [info] fatal: not a git repository (or any parent up to mount point /)
Stopping at filesystem boundary (GIT_DISCOVERY_ACROSS_FILESYSTEM not set).
2025-01-24 13:26:54.838 [info] > git rev-parse --show-toplevel [0ms]
2025-01-24 13:26:54.838 [info] fatal: not a git repository (or any parent up to mount point /)
Stopping at filesystem boundary (GIT_DISCOVERY_ACROSS_FILESYSTEM not set).
2025-01-24 13:26:55.599 [info] > git rev-parse --show-toplevel [1ms]
2025-01-24 13:26:55.599 [info] fatal: not a git repository (or any parent up to mount point /)
Stopping at filesystem boundary (GIT_DISCOVERY_ACROSS_FILESYSTEM not set).
2025-01-24 13:26:56.132 [info] > git rev-parse --show-toplevel [0ms]
2025-01-24 13:26:56.132 [info] fatal: not a git repository (or any parent up to mount point /)
Stopping at filesystem boundary (GIT_DISCOVERY_ACROSS_FILESYSTEM not set).
2025-01-24 13:27:01.578 [info] > git rev-parse --show-toplevel [1ms]
2025-01-24 13:27:01.578 [info] fatal: not a git repository (or any parent up to mount point /)
Stopping at filesystem boundary (GIT_DISCOVERY_ACROSS_FILESYSTEM not set).
2025-01-24 13:27:56.350 [info] > git rev-parse --show-toplevel [0ms]
2025-01-24 13:27:56.350 [info] fatal: not a git repository (or any parent up to mount point /)
Stopping at filesystem boundary (GIT_DISCOVERY_ACROSS_FILESYSTEM not set).
2025-01-24 13:28:33.206 [info] > git rev-parse --show-toplevel [1ms]
2025-01-24 13:28:33.206 [info] fatal: not a git repository (or any parent up to mount point /)
Stopping at filesystem boundary (GIT_DISCOVERY_ACROSS_FILESYSTEM not set).
2025-01-24 13:28:48.439 [info] > git rev-parse --show-toplevel [1ms]
2025-01-24 13:28:48.439 [info] fatal: not a git repository (or any parent up to mount point /)
Stopping at filesystem boundary (GIT_DISCOVERY_ACROSS_FILESYSTEM not set).
2025-01-24 13:28:50.753 [info] > git rev-parse --show-toplevel [0ms]
2025-01-24 13:28:50.753 [info] fatal: not a git repository (or any parent up to mount point /)
Stopping at filesystem boundary (GIT_DISCOVERY_ACROSS_FILESYSTEM not set).
2025-01-24 13:31:27.858 [info] > git rev-parse --show-toplevel [1ms]
2025-01-24 13:31:27.858 [info] fatal: not a git repository (or any parent up to mount point /)
Stopping at filesystem boundary (GIT_DISCOVERY_ACROSS_FILESYSTEM not set).
2025-01-24 13:31:29.307 [info] > git rev-parse --show-toplevel [1ms]
2025-01-24 13:31:29.307 [info] fatal: not a git repository (or any parent up to mount point /)
Stopping at filesystem boundary (GIT_DISCOVERY_ACROSS_FILESYSTEM not set).
2025-01-24 13:31:30.564 [info] > git rev-parse --show-toplevel [1ms]
2025-01-24 13:31:30.564 [info] fatal: not a git repository (or any parent up to mount point /)
Stopping at filesystem boundary (GIT_DISCOVERY_ACROSS_FILESYSTEM not set).
2025-01-24 13:31:31.341 [info] > git rev-parse --show-toplevel [2ms]
2025-01-24 13:31:31.341 [info] fatal: not a git repository (or any parent up to mount point /)
Stopping at filesystem boundary (GIT_DISCOVERY_ACROSS_FILESYSTEM not set).
2025-01-24 13:31:35.338 [info] > git rev-parse --show-toplevel [2ms]
2025-01-24 13:31:35.338 [info] fatal: not a git repository (or any parent up to mount point /)
Stopping at filesystem boundary (GIT_DISCOVERY_ACROSS_FILESYSTEM not set).
2025-01-24 13:31:36.351 [info] > git rev-parse --show-toplevel [0ms]
2025-01-24 13:31:36.351 [info] fatal: not a git repository (or any parent up to mount point /)
Stopping at filesystem boundary (GIT_DISCOVERY_ACROSS_FILESYSTEM not set).
2025-01-24 13:31:37.316 [info] > git rev-parse --show-toplevel [1ms]
2025-01-24 13:31:37.316 [info] fatal: not a git repository (or any parent up to mount point /)
Stopping at filesystem boundary (GIT_DISCOVERY_ACROSS_FILESYSTEM not set).
2025-01-24 13:31:38.061 [info] > git rev-parse --show-toplevel [1ms]
2025-01-24 13:31:38.061 [info] fatal: not a git repository (or any parent up to mount point /)
Stopping at filesystem boundary (GIT_DISCOVERY_ACROSS_FILESYSTEM not set).
2025-01-24 13:31:38.625 [info] > git rev-parse --show-toplevel [1ms]
2025-01-24 13:31:38.625 [info] fatal: not a git repository (or any parent up to mount point /)
Stopping at filesystem boundary (GIT_DISCOVERY_ACROSS_FILESYSTEM not set).
2025-01-24 13:31:39.477 [info] > git rev-parse --show-toplevel [1ms]
2025-01-24 13:31:39.477 [info] fatal: not a git repository (or any parent up to mount point /)
Stopping at filesystem boundary (GIT_DISCOVERY_ACROSS_FILESYSTEM not set).
2025-01-24 13:31:40.245 [info] > git rev-parse --show-toplevel [1ms]
2025-01-24 13:31:40.245 [info] fatal: not a git repository (or any parent up to mount point /)
Stopping at filesystem boundary (GIT_DISCOVERY_ACROSS_FILESYSTEM not set).
2025-01-24 13:31:42.409 [info] > git rev-parse --show-toplevel [1ms]
2025-01-24 13:31:42.409 [info] fatal: not a git repository (or any parent up to mount point /)
Stopping at filesystem boundary (GIT_DISCOVERY_ACROSS_FILESYSTEM not set).
2025-01-24 13:31:43.574 [info] > git rev-parse --show-toplevel [0ms]
2025-01-24 13:31:43.574 [info] fatal: not a git repository (or any parent up to mount point /)
Stopping at filesystem boundary (GIT_DISCOVERY_ACROSS_FILESYSTEM not set).
2025-01-24 13:31:44.518 [info] > git rev-parse --show-toplevel [1ms]
2025-01-24 13:31:44.518 [info] fatal: not a git repository (or any parent up to mount point /)
Stopping at filesystem boundary (GIT_DISCOVERY_ACROSS_FILESYSTEM not set).
2025-01-24 13:31:45.307 [info] > git rev-parse --show-toplevel [1ms]
2025-01-24 13:31:45.307 [info] fatal: not a git repository (or any parent up to mount point /)
Stopping at filesystem boundary (GIT_DISCOVERY_ACROSS_FILESYSTEM not set).
2025-01-24 13:31:45.865 [info] > git rev-parse --show-toplevel [1ms]
2025-01-24 13:31:45.865 [info] fatal: not a git repository (or any parent up to mount point /)
Stopping at filesystem boundary (GIT_DISCOVERY_ACROSS_FILESYSTEM not set).
2025-01-24 13:31:46.471 [info] > git rev-parse --show-toplevel [1ms]
2025-01-24 13:31:46.471 [info] fatal: not a git repository (or any parent up to mount point /)
Stopping at filesystem boundary (GIT_DISCOVERY_ACROSS_FILESYSTEM not set).
2025-01-24 13:31:48.498 [info] > git rev-parse --show-toplevel [1ms]
2025-01-24 13:31:48.498 [info] fatal: not a git repository (or any parent up to mount point /)
Stopping at filesystem boundary (GIT_DISCOVERY_ACROSS_FILESYSTEM not set).
