2025-01-24 12:41:01.397 [info] Extension host with pid 25274 started
2025-01-24 12:41:01.397 [info] Skipping acquiring lock for /home/nik/.config/Code/User/workspaceStorage/66a8b0bf76fe3fbf53622aee459a00c4.
2025-01-24 12:41:01.752 [info] ExtensionService#_doActivateExtension vscode.github-authentication, startup: false, activationEvent: 'onAuthenticationRequest:github'
2025-01-24 12:41:01.782 [info] ExtensionService#_doActivateExtension vscode.emmet, startup: false, activationEvent: 'onLanguage'
2025-01-24 12:41:01.796 [info] ExtensionService#_doActivateExtension ms-python.python, startup: false, activationEvent: 'onLanguage:python', root cause: ms-python.debugpy
2025-01-24 12:41:01.958 [info] ExtensionService#_doActivateExtension ms-toolsai.jupyter, startup: false, activationEvent: 'onLanguage:python'
2025-01-24 12:41:02.309 [info] ExtensionService#_doActivateExtension ms-toolsai.jupyter-renderers, startup: false, activationEvent: 'api', root cause: ms-toolsai.jupyter
2025-01-24 12:41:02.322 [info] ExtensionService#_doActivateExtension ms-python.debugpy, startup: false, activationEvent: 'onLanguage:python'
2025-01-24 12:41:02.360 [info] ExtensionService#_doActivateExtension ms-python.vscode-pylance, startup: false, activationEvent: 'onLanguage:python'
2025-01-24 12:41:02.655 [info] ExtensionService#_doActivateExtension vscodevim.vim, startup: false, activationEvent: 'onCommand:type'
2025-01-24 12:41:02.719 [info] ExtensionService#_doActivateExtension vscode.git-base, startup: true, activationEvent: '*', root cause: vscode.git
2025-01-24 12:41:02.721 [info] ExtensionService#_doActivateExtension be5invis.vscode-custom-css, startup: true, activationEvent: '*'
2025-01-24 12:41:02.794 [info] ExtensionService#_doActivateExtension vscode.git, startup: true, activationEvent: '*'
2025-01-24 12:41:02.838 [info] ExtensionService#_doActivateExtension vscode.github, startup: true, activationEvent: '*'
2025-01-24 12:41:02.955 [info] Eager extensions activated
2025-01-24 12:41:02.973 [info] ExtensionService#_doActivateExtension vscode.debug-auto-launch, startup: false, activationEvent: 'onStartupFinished'
2025-01-24 12:41:02.975 [info] ExtensionService#_doActivateExtension vscode.merge-conflict, startup: false, activationEvent: 'onStartupFinished'
2025-01-24 12:41:02.990 [info] ExtensionService#_doActivateExtension BrandonKirbyson.vscode-animations, startup: false, activationEvent: 'onStartupFinished'
2025-01-24 12:41:02.992 [info] ExtensionService#_doActivateExtension Catppuccin.catppuccin-vsc, startup: false, activationEvent: 'onStartupFinished'
2025-01-24 12:41:02.998 [info] ExtensionService#_doActivateExtension formulahendry.code-runner, startup: false, activationEvent: 'onStartupFinished'
2025-01-24 12:47:48.079 [info] Extension host terminating: renderer closed the MessagePort
2025-01-24 12:47:48.094 [info] Extension host with pid 25274 exiting with code 0
