2025-01-23 17:37:02.202 [info] [Info  - 5:37:02 PM] (71463) Server root directory: file:///home/nik/.vscode/extensions/ms-python.vscode-pylance-2024.12.1/dist
2025-01-23 17:37:02.202 [info] [Info  - 5:37:02 PM] (71463) Pylance language server 2024.12.1 (pyright version 1.1.389, commit ce1325fc) starting
2025-01-23 17:37:02.202 [info] [Info  - 5:37:02 PM] (71463) Starting service instance "hypr"
2025-01-23 17:37:02.235 [info] [Info  - 5:37:02 PM] (71463) Setting environmentName for service "hypr": "3.13.1 (global)"
2025-01-23 17:37:02.235 [info] [Info  - 5:37:02 PM] (71463) Setting pythonPath for service "hypr": "/bin/python"
2025-01-23 17:37:02.236 [info] [Info  - 5:37:02 PM] (71463) No include entries specified; assuming /home/nik/.config/hypr
2025-01-23 17:37:02.236 [info] [Info  - 5:37:02 PM] (71463) Auto-excluding **/node_modules
2025-01-23 17:37:02.236 [info] [Info  - 5:37:02 PM] (71463) Auto-excluding **/__pycache__
2025-01-23 17:37:02.236 [info] [Info  - 5:37:02 PM] (71463) Auto-excluding **/.*
2025-01-23 17:37:02.259 [info] [Info  - 5:37:02 PM] (71463) Assuming Python version 3.13.1.final.0
2025-01-23 17:37:02.299 [info] [Info  - 5:37:02 PM] (71463) Found 3 source files
2025-01-23 17:37:02.737 [info] [Info  - 5:37:02 PM] (71463) Background analysis(1) root directory: file:///home/nik/.vscode/extensions/ms-python.vscode-pylance-2024.12.1/dist
2025-01-23 17:37:02.739 [info] [Info  - 5:37:02 PM] (71463) Background analysis(1) started
2025-01-23 17:37:02.781 [info] [Info  - 5:37:02 PM] (71463) Indexer background runner(2) root directory: file:///home/nik/.vscode/extensions/ms-python.vscode-pylance-2024.12.1/dist (index)
2025-01-23 17:37:02.782 [info] [Info  - 5:37:02 PM] (71463) Indexing(2) started
2025-01-23 17:37:03.040 [info] [Info  - 5:37:03 PM] (71463) scanned(2) 37 files over 1 exec env
2025-01-23 17:37:03.184 [info] [Info  - 5:37:03 PM] (71463) indexed(2) 37 files over 1 exec env
2025-01-23 17:37:03.200 [info] [Info  - 5:37:03 PM] (71463) Indexing finished(2).
2025-01-23 17:37:11.864 [info] (Client) The existing extension didn't exit within 10 seconds. New instance will start, but you might encounter issues.
2025-01-23 17:37:11.864 [info] (Client) Pylance async client (2024.12.1) started with python extension (2024.22.2)
2025-01-23 17:40:45.392 [info] [Info  - 5:40:45 PM] (71463) Starting service instance "<default>"
2025-01-23 17:40:45.403 [info] [Info  - 5:40:45 PM] (71463) Setting environmentName for service "<default>": "3.13.1 (global)"
2025-01-23 17:40:45.403 [info] [Info  - 5:40:45 PM] (71463) Setting pythonPath for service "<default>": "/bin/python"
2025-01-23 17:40:45.403 [info] [Info  - 5:40:45 PM] (71463) No include entries specified; assuming /<default workspace root>
2025-01-23 17:40:45.403 [info] [Info  - 5:40:45 PM] (71463) Auto-excluding **/node_modules
2025-01-23 17:40:45.403 [info] [Info  - 5:40:45 PM] (71463) Auto-excluding **/__pycache__
2025-01-23 17:40:45.403 [info] [Info  - 5:40:45 PM] (71463) Auto-excluding **/.*
2025-01-23 17:40:45.421 [info] [Info  - 5:40:45 PM] (71463) Assuming Python version 3.13.1.final.0
2025-01-23 17:40:45.446 [info] [Error - 5:40:45 PM] (71463) File or directory "/<default workspace root>" does not exist.
2025-01-23 17:40:45.446 [info] [Info  - 5:40:45 PM] (71463) No source files found.
2025-01-23 17:40:45.793 [info] [Info  - 5:40:45 PM] (71463) Background analysis(3) root directory: file:///home/nik/.vscode/extensions/ms-python.vscode-pylance-2024.12.1/dist
2025-01-23 17:40:45.795 [info] [Info  - 5:40:45 PM] (71463) Background analysis(3) started
