2025-02-16 16:05:06.208 [info] [main] Log level: Info
2025-02-16 16:05:06.208 [info] [main] Validating found git in: "git"
2025-02-16 16:05:06.208 [info] [main] Using git "2.48.1" from "git"
2025-02-16 16:05:06.208 [info] [Model][doInitialScan] Initial repository scan started
2025-02-16 16:05:06.208 [info] > git rev-parse --show-toplevel [44ms]
2025-02-16 16:05:06.208 [info] fatal: not a git repository (or any parent up to mount point /)
Stopping at filesystem boundary (GIT_DISCOVERY_ACROSS_FILESYSTEM not set).
2025-02-16 16:05:06.208 [info] > git rev-parse --show-toplevel [37ms]
2025-02-16 16:05:06.208 [info] fatal: not a git repository (or any parent up to mount point /)
Stopping at filesystem boundary (GIT_DISCOVERY_ACROSS_FILESYSTEM not set).
2025-02-16 16:05:06.209 [info] > git rev-parse --show-toplevel [3ms]
2025-02-16 16:05:06.234 [info] > git rev-parse --git-dir --git-common-dir [4ms]
2025-02-16 16:05:06.240 [info] [Model][openRepository] Opened repository: /home/nik/Documents/CloudNotes
2025-02-16 16:05:06.263 [info] > git rev-parse --show-toplevel [8ms]
2025-02-16 16:05:06.263 [info] fatal: not a git repository (or any parent up to mount point /)
Stopping at filesystem boundary (GIT_DISCOVERY_ACROSS_FILESYSTEM not set).
2025-02-16 16:05:06.265 [info] [Model][doInitialScan] Initial repository scan completed - repositories (1), closed repositories (0), parent repositories (0), unsafe repositories (0)
2025-02-16 16:05:06.265 [info] > git config --get commit.template [14ms]
2025-02-16 16:05:06.273 [info] > git for-each-ref --format=%(refname)%00%(upstream:short)%00%(objectname)%00%(upstream:track)%00%(upstream:remotename)%00%(upstream:remoteref) refs/heads/master refs/remotes/master [2ms]
2025-02-16 16:05:06.283 [info] > git status -z -uall [5ms]
2025-02-16 16:05:06.284 [info] > git for-each-ref --sort -committerdate --format %(refname) %(objectname) %(*objectname) [1ms]
2025-02-16 16:05:06.298 [info] > git for-each-ref --format=%(refname)%00%(upstream:short)%00%(objectname)%00%(upstream:track)%00%(upstream:remotename)%00%(upstream:remoteref) refs/heads/master refs/remotes/master [6ms]
2025-02-16 16:05:06.310 [info] > git config --local branch.master.vscode-merge-base [6ms]
2025-02-16 16:05:06.314 [info] > git config --get commit.template [16ms]
2025-02-16 16:05:06.315 [info] > git for-each-ref --format=%(refname)%00%(upstream:short)%00%(objectname)%00%(upstream:track)%00%(upstream:remotename)%00%(upstream:remoteref) refs/heads/origin/master refs/remotes/origin/master [1ms]
2025-02-16 16:05:06.332 [info] > git merge-base refs/heads/master refs/remotes/origin/master [12ms]
2025-02-16 16:05:06.337 [info] > git for-each-ref --format=%(refname)%00%(upstream:short)%00%(objectname)%00%(upstream:track)%00%(upstream:remotename)%00%(upstream:remoteref) refs/heads/master refs/remotes/master [6ms]
2025-02-16 16:05:06.340 [info] > git diff --name-status -z --diff-filter=ADMR 5e0e6ba837b0ad5275084e3e4ba0e80a81af5a21...refs/remotes/origin/master [4ms]
2025-02-16 16:05:06.351 [info] > git status -z -uall [6ms]
2025-02-16 16:05:06.352 [info] > git for-each-ref --sort -committerdate --format %(refname) %(objectname) %(*objectname) [2ms]
2025-02-16 16:05:06.392 [info] > git rev-parse --show-toplevel [3ms]
2025-02-16 16:05:06.392 [info] fatal: not a git repository (or any parent up to mount point /)
Stopping at filesystem boundary (GIT_DISCOVERY_ACROSS_FILESYSTEM not set).
2025-02-16 16:05:06.771 [info] > git check-ignore -v -z --stdin [1ms]
2025-02-16 16:05:19.286 [info] > git rev-parse --show-toplevel [1ms]
2025-02-16 16:05:19.286 [info] fatal: not a git repository (or any parent up to mount point /)
Stopping at filesystem boundary (GIT_DISCOVERY_ACROSS_FILESYSTEM not set).
2025-02-16 16:05:20.825 [info] > git rev-parse --show-toplevel [1ms]
2025-02-16 16:05:20.825 [info] fatal: not a git repository (or any parent up to mount point /)
Stopping at filesystem boundary (GIT_DISCOVERY_ACROSS_FILESYSTEM not set).
2025-02-16 16:05:22.152 [info] > git rev-parse --show-toplevel [1ms]
2025-02-16 16:05:22.152 [info] fatal: not a git repository (or any parent up to mount point /)
Stopping at filesystem boundary (GIT_DISCOVERY_ACROSS_FILESYSTEM not set).
