2025-02-16 15:38:01.006 [info] Added views:outline in workbench.view.explorer
2025-02-16 15:38:01.006 [info] Added views:workbench.view.search in workbench.view.search
2025-02-16 15:38:01.006 [info] Added views:workbench.scm in workbench.view.scm
2025-02-16 15:38:01.006 [info] Added views:workbench.panel.markers.view in workbench.panel.markers
2025-02-16 15:38:01.006 [info] Added views:workbench.panel.output in workbench.panel.output
2025-02-16 15:38:01.006 [info] Added views:terminal in terminal
2025-02-16 15:38:01.006 [info] Added views:timeline in workbench.view.explorer
2025-02-16 15:38:01.006 [info] Added views:workbench.debug.welcome in workbench.view.debug
2025-02-16 15:38:01.006 [info] Added views:workbench.explorer.fileView in workbench.view.explorer
2025-02-16 15:38:01.691 [info] Added views:workbench.panel.repl.view in workbench.panel.repl
2025-02-16 15:38:02.217 [info] Added views:workbench.scm.history in workbench.view.scm
2025-02-16 15:38:02.729 [info] Added views:~remote.forwardedPorts in ~remote.forwardedPortsContainer
2025-02-16 15:38:03.130 [info] Added views:workbench.view.testing in workbench.view.extension.test
2025-02-16 15:38:03.522 [info] Added views:jupyterViewVariables,cell-tag in workbench.view.extension.jupyter-variables
2025-02-16 15:38:33.245 [info] Added views:workbench.views.extensions.installed,workbench.views.extensions.popular,extensions.recommendedList in workbench.view.extensions
2025-02-16 15:38:33.246 [info] Removed views:workbench.views.extensions.popular from workbench.view.extensions
2025-02-16 15:39:13.108 [info] Removed views:workbench.scm.history from workbench.view.scm
2025-02-16 15:39:13.112 [info] Removed views:workbench.view.testing from workbench.view.extension.test
2025-02-16 15:39:13.364 [info] Removed views:workbench.panel.repl.view from workbench.panel.repl
2025-02-16 15:39:13.588 [info] Added views:workbench.panel.repl.view in workbench.panel.repl
2025-02-16 15:39:14.136 [info] Added views:workbench.view.testing in workbench.view.extension.test
2025-02-16 15:39:15.110 [info] Added views:workbench.scm.history in workbench.view.scm
2025-02-16 15:39:36.259 [info] Removed views:workbench.scm.history from workbench.view.scm
2025-02-16 15:39:36.261 [info] Removed views:workbench.view.testing from workbench.view.extension.test
