2025-02-13 17:16:56.603 [info] Getting Manifest... catppuccin.catppuccin-vsc
2025-02-13 17:16:56.604 [info] Getting Manifest... ms-python.debugpy
2025-02-13 17:16:56.606 [info] Getting Manifest... ms-python.python
2025-02-13 17:16:56.606 [info] Getting Manifest... ms-python.vscode-pylance
2025-02-13 17:16:56.607 [info] Getting Manifest... ms-toolsai.jupyter-renderers
2025-02-13 17:16:56.952 [info] Installing extension: ms-toolsai.jupyter-renderers {"productVersion":{"version":"1.96.4","date":"2025-01-16T00:16:19.038Z"},"pinned":false,"operation":3,"isApplicationScoped":false,"profileLocation":{"$mid":1,"external":"vscode-userdata:/home/nik/.vscode/extensions/extensions.json","path":"/home/nik/.vscode/extensions/extensions.json","scheme":"vscode-userdata"},"installOnlyNewlyAddedFromExtensionPack":true}
2025-02-13 17:16:56.957 [info] Installing extension: ms-python.vscode-pylance {"productVersion":{"version":"1.96.4","date":"2025-01-16T00:16:19.038Z"},"pinned":false,"operation":3,"isApplicationScoped":false,"profileLocation":{"$mid":1,"external":"vscode-userdata:/home/nik/.vscode/extensions/extensions.json","path":"/home/nik/.vscode/extensions/extensions.json","scheme":"vscode-userdata"},"installOnlyNewlyAddedFromExtensionPack":true}
2025-02-13 17:16:56.958 [info] Installing extension: ms-python.python {"productVersion":{"version":"1.96.4","date":"2025-01-16T00:16:19.038Z"},"pinned":false,"operation":3,"isApplicationScoped":false,"profileLocation":{"$mid":1,"external":"vscode-userdata:/home/nik/.vscode/extensions/extensions.json","path":"/home/nik/.vscode/extensions/extensions.json","scheme":"vscode-userdata"},"installOnlyNewlyAddedFromExtensionPack":true}
2025-02-13 17:16:56.958 [info] Installing extension: catppuccin.catppuccin-vsc {"productVersion":{"version":"1.96.4","date":"2025-01-16T00:16:19.038Z"},"pinned":false,"operation":3,"isApplicationScoped":false,"profileLocation":{"$mid":1,"external":"vscode-userdata:/home/nik/.vscode/extensions/extensions.json","path":"/home/nik/.vscode/extensions/extensions.json","scheme":"vscode-userdata"},"installOnlyNewlyAddedFromExtensionPack":true}
2025-02-13 17:16:57.487 [info] Installing extension: ms-python.debugpy {"productVersion":{"version":"1.96.4","date":"2025-01-16T00:16:19.038Z"},"pinned":false,"operation":3,"isApplicationScoped":false,"profileLocation":{"$mid":1,"external":"vscode-userdata:/home/nik/.vscode/extensions/extensions.json","path":"/home/nik/.vscode/extensions/extensions.json","scheme":"vscode-userdata"},"installOnlyNewlyAddedFromExtensionPack":true}
2025-02-13 17:16:57.525 [info] Extension signature verification result for catppuccin.catppuccin-vsc: UnknownError. Executed: true. Duration: 19ms.
2025-02-13 17:16:57.536 [info] Extracted extension to file:///home/nik/.vscode/extensions/catppuccin.catppuccin-vsc-3.16.1: catppuccin.catppuccin-vsc
2025-02-13 17:16:57.542 [info] Renamed to /home/nik/.vscode/extensions/catppuccin.catppuccin-vsc-3.16.1
2025-02-13 17:16:57.553 [info] Marked extension as uninstalled catppuccin.catppuccin-vsc-3.16.0
2025-02-13 17:16:57.561 [info] Extension installed successfully: catppuccin.catppuccin-vsc vscode-userdata:/home/nik/.vscode/extensions/extensions.json
2025-02-13 17:16:57.630 [error] [uncaught exception in sharedProcess]: Error: ENOENT: no such file or directory, stat '/home/nik/.vscode/extensions/extensions.json.vsctmp': EntryNotFound (FileSystemError): Error: ENOENT: no such file or directory, stat '/home/nik/.vscode/extensions/extensions.json.vsctmp'
    at Gm.create (file:///opt/visual-studio-code/resources/app/out/vs/code/electron-utility/sharedProcess/sharedProcessMain.js:35:39624)
    at xs (file:///opt/visual-studio-code/resources/app/out/vs/code/electron-utility/sharedProcess/sharedProcessMain.js:35:39731)
    at Vr.ib (file:///opt/visual-studio-code/resources/app/out/vs/code/electron-utility/sharedProcess/sharedProcessMain.js:78:22778)
    at Vr.stat (file:///opt/visual-studio-code/resources/app/out/vs/code/electron-utility/sharedProcess/sharedProcessMain.js:78:16010)
    at async wh.stat (file:///opt/visual-studio-code/resources/app/out/vs/code/electron-utility/sharedProcess/sharedProcessMain.js:77:85488)
    at async fh.Ab (file:///opt/visual-studio-code/resources/app/out/vs/code/electron-utility/sharedProcess/sharedProcessMain.js:77:67180)
2025-02-13 17:16:58.291 [info] Getting Manifest... ms-python.python
2025-02-13 17:16:58.520 [info] Getting Manifest... ms-python.python
2025-02-13 17:16:58.652 [info] Extension signature verification result for ms-toolsai.jupyter-renderers: UnknownError. Executed: true. Duration: 6ms.
2025-02-13 17:16:58.806 [info] Extracted extension to file:///home/nik/.vscode/extensions/ms-toolsai.jupyter-renderers-1.1.0: ms-toolsai.jupyter-renderers
2025-02-13 17:16:58.812 [info] Renamed to /home/nik/.vscode/extensions/ms-toolsai.jupyter-renderers-1.1.0
2025-02-13 17:16:58.823 [info] Marked extension as uninstalled ms-toolsai.jupyter-renderers-1.0.21
2025-02-13 17:16:58.828 [info] Extension installed successfully: ms-toolsai.jupyter-renderers vscode-userdata:/home/nik/.vscode/extensions/extensions.json
2025-02-13 17:16:58.840 [error] [uncaught exception in sharedProcess]: Error: ENOENT: no such file or directory, stat '/home/nik/.vscode/extensions/extensions.json.vsctmp': EntryNotFound (FileSystemError): Error: ENOENT: no such file or directory, stat '/home/nik/.vscode/extensions/extensions.json.vsctmp'
    at Gm.create (file:///opt/visual-studio-code/resources/app/out/vs/code/electron-utility/sharedProcess/sharedProcessMain.js:35:39624)
    at xs (file:///opt/visual-studio-code/resources/app/out/vs/code/electron-utility/sharedProcess/sharedProcessMain.js:35:39731)
    at Vr.ib (file:///opt/visual-studio-code/resources/app/out/vs/code/electron-utility/sharedProcess/sharedProcessMain.js:78:22778)
    at Vr.stat (file:///opt/visual-studio-code/resources/app/out/vs/code/electron-utility/sharedProcess/sharedProcessMain.js:78:16010)
    at async wh.stat (file:///opt/visual-studio-code/resources/app/out/vs/code/electron-utility/sharedProcess/sharedProcessMain.js:77:85488)
    at async fh.Ab (file:///opt/visual-studio-code/resources/app/out/vs/code/electron-utility/sharedProcess/sharedProcessMain.js:77:67180)
2025-02-13 17:16:59.506 [info] Extension signature verification result for ms-python.python: UnknownError. Executed: true. Duration: 9ms.
2025-02-13 17:16:59.824 [info] Extension signature verification result for ms-python.debugpy: UnknownError. Executed: true. Duration: 6ms.
2025-02-13 17:17:00.151 [info] Extracted extension to file:///home/nik/.vscode/extensions/ms-python.debugpy-2025.0.1-linux-x64: ms-python.debugpy
2025-02-13 17:17:00.164 [info] Renamed to /home/nik/.vscode/extensions/ms-python.debugpy-2025.0.1-linux-x64
2025-02-13 17:17:00.176 [info] Marked extension as uninstalled ms-python.debugpy-2024.14.0-linux-x64
2025-02-13 17:17:00.185 [info] Extension installed successfully: ms-python.debugpy vscode-userdata:/home/nik/.vscode/extensions/extensions.json
2025-02-13 17:17:00.244 [error] [uncaught exception in sharedProcess]: Error: ENOENT: no such file or directory, stat '/home/nik/.vscode/extensions/extensions.json.vsctmp': EntryNotFound (FileSystemError): Error: ENOENT: no such file or directory, stat '/home/nik/.vscode/extensions/extensions.json.vsctmp'
    at Gm.create (file:///opt/visual-studio-code/resources/app/out/vs/code/electron-utility/sharedProcess/sharedProcessMain.js:35:39624)
    at xs (file:///opt/visual-studio-code/resources/app/out/vs/code/electron-utility/sharedProcess/sharedProcessMain.js:35:39731)
    at Vr.ib (file:///opt/visual-studio-code/resources/app/out/vs/code/electron-utility/sharedProcess/sharedProcessMain.js:78:22778)
    at Vr.stat (file:///opt/visual-studio-code/resources/app/out/vs/code/electron-utility/sharedProcess/sharedProcessMain.js:78:16010)
    at async wh.stat (file:///opt/visual-studio-code/resources/app/out/vs/code/electron-utility/sharedProcess/sharedProcessMain.js:77:85488)
    at async fh.Ab (file:///opt/visual-studio-code/resources/app/out/vs/code/electron-utility/sharedProcess/sharedProcessMain.js:77:67180)
2025-02-13 17:17:00.315 [info] Extracted extension to file:///home/nik/.vscode/extensions/ms-python.python-2025.0.0-linux-x64: ms-python.python
2025-02-13 17:17:00.376 [info] Renamed to /home/nik/.vscode/extensions/ms-python.python-2025.0.0-linux-x64
2025-02-13 17:17:00.394 [info] Marked extension as uninstalled ms-python.python-2024.22.2-linux-x64
2025-02-13 17:17:00.400 [info] Extension installed successfully: ms-python.python vscode-userdata:/home/nik/.vscode/extensions/extensions.json
2025-02-13 17:17:00.461 [error] [uncaught exception in sharedProcess]: Error: ENOENT: no such file or directory, stat '/home/nik/.vscode/extensions/extensions.json.vsctmp': EntryNotFound (FileSystemError): Error: ENOENT: no such file or directory, stat '/home/nik/.vscode/extensions/extensions.json.vsctmp'
    at Gm.create (file:///opt/visual-studio-code/resources/app/out/vs/code/electron-utility/sharedProcess/sharedProcessMain.js:35:39624)
    at xs (file:///opt/visual-studio-code/resources/app/out/vs/code/electron-utility/sharedProcess/sharedProcessMain.js:35:39731)
    at Vr.ib (file:///opt/visual-studio-code/resources/app/out/vs/code/electron-utility/sharedProcess/sharedProcessMain.js:78:22778)
    at Vr.stat (file:///opt/visual-studio-code/resources/app/out/vs/code/electron-utility/sharedProcess/sharedProcessMain.js:78:16010)
    at async wh.stat (file:///opt/visual-studio-code/resources/app/out/vs/code/electron-utility/sharedProcess/sharedProcessMain.js:77:85488)
    at async fh.Ab (file:///opt/visual-studio-code/resources/app/out/vs/code/electron-utility/sharedProcess/sharedProcessMain.js:77:67180)
2025-02-13 17:17:02.105 [info] Extension signature verification result for ms-python.vscode-pylance: UnknownError. Executed: true. Duration: 10ms.
2025-02-13 17:17:04.188 [info] Extracted extension to file:///home/nik/.vscode/extensions/ms-python.vscode-pylance-2025.2.1: ms-python.vscode-pylance
2025-02-13 17:17:04.345 [info] Renamed to /home/nik/.vscode/extensions/ms-python.vscode-pylance-2025.2.1
2025-02-13 17:17:04.364 [info] Marked extension as uninstalled ms-python.vscode-pylance-2024.12.1
2025-02-13 17:17:04.368 [info] Extension installed successfully: ms-python.vscode-pylance vscode-userdata:/home/nik/.vscode/extensions/extensions.json
2025-02-13 17:17:04.429 [error] [uncaught exception in sharedProcess]: Error: ENOENT: no such file or directory, stat '/home/nik/.vscode/extensions/extensions.json.vsctmp': EntryNotFound (FileSystemError): Error: ENOENT: no such file or directory, stat '/home/nik/.vscode/extensions/extensions.json.vsctmp'
    at Gm.create (file:///opt/visual-studio-code/resources/app/out/vs/code/electron-utility/sharedProcess/sharedProcessMain.js:35:39624)
    at xs (file:///opt/visual-studio-code/resources/app/out/vs/code/electron-utility/sharedProcess/sharedProcessMain.js:35:39731)
    at Vr.ib (file:///opt/visual-studio-code/resources/app/out/vs/code/electron-utility/sharedProcess/sharedProcessMain.js:78:22778)
    at Vr.stat (file:///opt/visual-studio-code/resources/app/out/vs/code/electron-utility/sharedProcess/sharedProcessMain.js:78:16010)
    at async wh.stat (file:///opt/visual-studio-code/resources/app/out/vs/code/electron-utility/sharedProcess/sharedProcessMain.js:77:85488)
    at async fh.Ab (file:///opt/visual-studio-code/resources/app/out/vs/code/electron-utility/sharedProcess/sharedProcessMain.js:77:67180)
2025-02-13 17:17:23.167 [info] Getting Manifest... ms-toolsai.jupyter
2025-02-13 17:17:23.475 [info] Installing extension: ms-toolsai.jupyter {"productVersion":{"version":"1.97.1","date":"2025-02-10T13:13:43.905Z"},"pinned":false,"operation":3,"isApplicationScoped":false,"profileLocation":{"$mid":1,"external":"vscode-userdata:/home/nik/.vscode/extensions/extensions.json","path":"/home/nik/.vscode/extensions/extensions.json","scheme":"vscode-userdata"},"installOnlyNewlyAddedFromExtensionPack":true}
2025-02-13 17:17:24.417 [info] Extension signature verification result for ms-toolsai.jupyter: UnknownError. Executed: true. Duration: 11ms.
2025-02-13 17:17:24.540 [info] Extracted extension to file:///home/nik/.vscode/extensions/ms-toolsai.jupyter-2025.1.0-linux-x64: ms-toolsai.jupyter
2025-02-13 17:17:24.553 [info] Renamed to /home/nik/.vscode/extensions/ms-toolsai.jupyter-2025.1.0-linux-x64
2025-02-13 17:17:24.554 [error] [/home/nik/.vscode/extensions/ms-toolsai.jupyter-2025.1.0-linux-x64]: Extension is not compatible with Code 1.96.4. Extension requires: ^1.97.0.
2025-02-13 17:17:24.568 [error] [/home/nik/.vscode/extensions/ms-toolsai.jupyter-2025.1.0-linux-x64]: Extension is not compatible with Code 1.96.4. Extension requires: ^1.97.0.
2025-02-13 17:17:24.569 [error] Error while installing the extension ms-toolsai.jupyter Cannot read the extension from /home/nik/.vscode/extensions/ms-toolsai.jupyter-2025.1.0-linux-x64 vscode-userdata:/home/nik/.vscode/extensions/extensions.json
2025-02-13 17:17:24.603 [error] [uncaught exception in sharedProcess]: Error: ENOENT: no such file or directory, stat '/home/nik/.vscode/extensions/extensions.json.vsctmp': EntryNotFound (FileSystemError): Error: ENOENT: no such file or directory, stat '/home/nik/.vscode/extensions/extensions.json.vsctmp'
    at Gm.create (file:///opt/visual-studio-code/resources/app/out/vs/code/electron-utility/sharedProcess/sharedProcessMain.js:35:39624)
    at xs (file:///opt/visual-studio-code/resources/app/out/vs/code/electron-utility/sharedProcess/sharedProcessMain.js:35:39731)
    at Vr.ib (file:///opt/visual-studio-code/resources/app/out/vs/code/electron-utility/sharedProcess/sharedProcessMain.js:78:22778)
    at Vr.stat (file:///opt/visual-studio-code/resources/app/out/vs/code/electron-utility/sharedProcess/sharedProcessMain.js:78:16010)
    at async wh.stat (file:///opt/visual-studio-code/resources/app/out/vs/code/electron-utility/sharedProcess/sharedProcessMain.js:77:85488)
    at async fh.Ab (file:///opt/visual-studio-code/resources/app/out/vs/code/electron-utility/sharedProcess/sharedProcessMain.js:77:67180)
2025-02-13 17:21:55.626 [error] [/home/nik/.vscode/extensions/ms-toolsai.jupyter-2025.1.0-linux-x64]: Extension is not compatible with Code 1.96.4. Extension requires: ^1.97.0.
2025-02-13 17:26:55.735 [error] [/home/nik/.vscode/extensions/ms-toolsai.jupyter-2025.1.0-linux-x64]: Extension is not compatible with Code 1.96.4. Extension requires: ^1.97.0.
2025-02-13 17:31:55.832 [error] [/home/nik/.vscode/extensions/ms-toolsai.jupyter-2025.1.0-linux-x64]: Extension is not compatible with Code 1.96.4. Extension requires: ^1.97.0.
2025-02-13 17:36:55.934 [error] [/home/nik/.vscode/extensions/ms-toolsai.jupyter-2025.1.0-linux-x64]: Extension is not compatible with Code 1.96.4. Extension requires: ^1.97.0.
2025-02-13 17:41:56.066 [error] [/home/nik/.vscode/extensions/ms-toolsai.jupyter-2025.1.0-linux-x64]: Extension is not compatible with Code 1.96.4. Extension requires: ^1.97.0.
2025-02-13 17:46:56.185 [error] [/home/nik/.vscode/extensions/ms-toolsai.jupyter-2025.1.0-linux-x64]: Extension is not compatible with Code 1.96.4. Extension requires: ^1.97.0.
2025-02-13 17:51:56.341 [error] [/home/nik/.vscode/extensions/ms-toolsai.jupyter-2025.1.0-linux-x64]: Extension is not compatible with Code 1.96.4. Extension requires: ^1.97.0.
2025-02-13 17:56:56.461 [error] [/home/nik/.vscode/extensions/ms-toolsai.jupyter-2025.1.0-linux-x64]: Extension is not compatible with Code 1.96.4. Extension requires: ^1.97.0.
2025-02-13 18:01:56.555 [error] [/home/nik/.vscode/extensions/ms-toolsai.jupyter-2025.1.0-linux-x64]: Extension is not compatible with Code 1.96.4. Extension requires: ^1.97.0.
2025-02-13 18:07:01.700 [error] [/home/nik/.vscode/extensions/ms-toolsai.jupyter-2025.1.0-linux-x64]: Extension is not compatible with Code 1.96.4. Extension requires: ^1.97.0.
2025-02-13 18:12:01.809 [error] [/home/nik/.vscode/extensions/ms-toolsai.jupyter-2025.1.0-linux-x64]: Extension is not compatible with Code 1.96.4. Extension requires: ^1.97.0.
2025-02-13 18:17:01.924 [error] [/home/nik/.vscode/extensions/ms-toolsai.jupyter-2025.1.0-linux-x64]: Extension is not compatible with Code 1.96.4. Extension requires: ^1.97.0.
2025-02-13 18:22:02.060 [error] [/home/nik/.vscode/extensions/ms-toolsai.jupyter-2025.1.0-linux-x64]: Extension is not compatible with Code 1.96.4. Extension requires: ^1.97.0.
2025-02-13 18:27:02.168 [error] [/home/nik/.vscode/extensions/ms-toolsai.jupyter-2025.1.0-linux-x64]: Extension is not compatible with Code 1.96.4. Extension requires: ^1.97.0.
2025-02-13 18:32:02.273 [error] [/home/nik/.vscode/extensions/ms-toolsai.jupyter-2025.1.0-linux-x64]: Extension is not compatible with Code 1.96.4. Extension requires: ^1.97.0.
