2025-01-24 18:00:54.361 [info] [main] Log level: Info
2025-01-24 18:00:54.361 [info] [main] Validating found git in: "git"
2025-01-24 18:00:54.361 [info] [main] Using git "2.48.1" from "git"
2025-01-24 18:00:54.361 [info] [Model][doInitialScan] Initial repository scan started
2025-01-24 18:00:54.361 [info] > git rev-parse --show-toplevel [153ms]
2025-01-24 18:00:54.361 [info] fatal: not a git repository (or any parent up to mount point /)
Stopping at filesystem boundary (GIT_DISCOVERY_ACROSS_FILESYSTEM not set).
2025-01-24 18:00:54.361 [info] > git rev-parse --show-toplevel [4ms]
2025-01-24 18:00:54.361 [info] fatal: not a git repository (or any parent up to mount point /)
Stopping at filesystem boundary (GIT_DISCOVERY_ACROSS_FILESYSTEM not set).
2025-01-24 18:00:54.362 [info] > git rev-parse --show-toplevel [18ms]
2025-01-24 18:00:54.362 [info] fatal: not a git repository (or any parent up to mount point /)
Stopping at filesystem boundary (GIT_DISCOVERY_ACROSS_FILESYSTEM not set).
2025-01-24 18:00:54.369 [info] > git rev-parse --show-toplevel [1ms]
2025-01-24 18:00:54.369 [info] fatal: not a git repository (or any parent up to mount point /)
Stopping at filesystem boundary (GIT_DISCOVERY_ACROSS_FILESYSTEM not set).
2025-01-24 18:00:54.371 [info] [Model][doInitialScan] Initial repository scan completed - repositories (0), closed repositories (0), parent repositories (0), unsafe repositories (0)
2025-01-24 18:00:54.445 [info] > git rev-parse --show-toplevel [5ms]
2025-01-24 18:00:54.445 [info] fatal: not a git repository (or any parent up to mount point /)
Stopping at filesystem boundary (GIT_DISCOVERY_ACROSS_FILESYSTEM not set).
2025-01-24 18:01:00.352 [info] > git rev-parse --show-toplevel [2ms]
2025-01-24 18:01:00.352 [info] fatal: not a git repository (or any parent up to mount point /)
Stopping at filesystem boundary (GIT_DISCOVERY_ACROSS_FILESYSTEM not set).
2025-01-24 18:01:01.421 [info] > git rev-parse --show-toplevel [1ms]
2025-01-24 18:01:01.421 [info] fatal: not a git repository (or any parent up to mount point /)
Stopping at filesystem boundary (GIT_DISCOVERY_ACROSS_FILESYSTEM not set).
2025-01-24 18:01:02.473 [info] > git rev-parse --show-toplevel [1ms]
2025-01-24 18:01:02.473 [info] fatal: not a git repository (or any parent up to mount point /)
Stopping at filesystem boundary (GIT_DISCOVERY_ACROSS_FILESYSTEM not set).
2025-01-24 18:01:31.011 [info] > git rev-parse --show-toplevel [1ms]
2025-01-24 18:01:31.011 [info] fatal: not a git repository (or any parent up to mount point /)
Stopping at filesystem boundary (GIT_DISCOVERY_ACROSS_FILESYSTEM not set).
2025-01-24 18:01:39.583 [info] > git rev-parse --show-toplevel [1ms]
2025-01-24 18:01:39.583 [info] fatal: not a git repository (or any parent up to mount point /)
Stopping at filesystem boundary (GIT_DISCOVERY_ACROSS_FILESYSTEM not set).
2025-01-24 18:01:41.472 [info] > git rev-parse --show-toplevel [1ms]
2025-01-24 18:01:41.472 [info] fatal: not a git repository (or any parent up to mount point /)
Stopping at filesystem boundary (GIT_DISCOVERY_ACROSS_FILESYSTEM not set).
2025-01-24 18:01:45.656 [info] > git rev-parse --show-toplevel [0ms]
2025-01-24 18:01:45.656 [info] fatal: not a git repository (or any parent up to mount point /)
Stopping at filesystem boundary (GIT_DISCOVERY_ACROSS_FILESYSTEM not set).
2025-01-24 18:01:46.684 [info] > git rev-parse --show-toplevel [1ms]
2025-01-24 18:01:46.685 [info] fatal: not a git repository (or any parent up to mount point /)
Stopping at filesystem boundary (GIT_DISCOVERY_ACROSS_FILESYSTEM not set).
2025-01-24 18:02:00.530 [info] > git rev-parse --show-toplevel [1ms]
2025-01-24 18:02:00.530 [info] fatal: not a git repository (or any parent up to mount point /)
Stopping at filesystem boundary (GIT_DISCOVERY_ACROSS_FILESYSTEM not set).
2025-01-24 18:02:11.178 [info] > git rev-parse --show-toplevel [1ms]
2025-01-24 18:02:11.178 [info] fatal: not a git repository (or any parent up to mount point /)
Stopping at filesystem boundary (GIT_DISCOVERY_ACROSS_FILESYSTEM not set).
2025-01-24 18:04:11.209 [info] > git rev-parse --show-toplevel [2ms]
2025-01-24 18:04:11.209 [info] fatal: not a git repository (or any parent up to mount point /)
Stopping at filesystem boundary (GIT_DISCOVERY_ACROSS_FILESYSTEM not set).
2025-01-24 18:04:29.462 [info] > git rev-parse --show-toplevel [1ms]
2025-01-24 18:04:29.462 [info] fatal: not a git repository (or any parent up to mount point /)
Stopping at filesystem boundary (GIT_DISCOVERY_ACROSS_FILESYSTEM not set).
2025-01-24 18:06:42.087 [info] > git rev-parse --show-toplevel [0ms]
2025-01-24 18:06:42.087 [info] fatal: not a git repository (or any parent up to mount point /)
Stopping at filesystem boundary (GIT_DISCOVERY_ACROSS_FILESYSTEM not set).
2025-01-24 18:06:43.988 [info] > git rev-parse --show-toplevel [1ms]
2025-01-24 18:06:43.988 [info] fatal: not a git repository (or any parent up to mount point /)
Stopping at filesystem boundary (GIT_DISCOVERY_ACROSS_FILESYSTEM not set).
2025-01-24 18:06:46.527 [info] > git rev-parse --show-toplevel [1ms]
2025-01-24 18:06:46.527 [info] fatal: not a git repository (or any parent up to mount point /)
Stopping at filesystem boundary (GIT_DISCOVERY_ACROSS_FILESYSTEM not set).
2025-01-24 18:06:47.746 [info] > git rev-parse --show-toplevel [1ms]
2025-01-24 18:06:47.746 [info] fatal: not a git repository (or any parent up to mount point /)
Stopping at filesystem boundary (GIT_DISCOVERY_ACROSS_FILESYSTEM not set).
2025-01-24 18:07:11.038 [info] > git rev-parse --show-toplevel [1ms]
2025-01-24 18:07:11.038 [info] fatal: not a git repository (or any parent up to mount point /)
Stopping at filesystem boundary (GIT_DISCOVERY_ACROSS_FILESYSTEM not set).
2025-01-24 18:07:22.163 [info] > git rev-parse --show-toplevel [0ms]
2025-01-24 18:07:22.163 [info] fatal: not a git repository (or any parent up to mount point /)
Stopping at filesystem boundary (GIT_DISCOVERY_ACROSS_FILESYSTEM not set).
2025-01-24 18:09:23.405 [info] > git rev-parse --show-toplevel [0ms]
2025-01-24 18:09:23.405 [info] fatal: not a git repository (or any parent up to mount point /)
Stopping at filesystem boundary (GIT_DISCOVERY_ACROSS_FILESYSTEM not set).
2025-01-24 18:09:26.340 [info] > git rev-parse --show-toplevel [0ms]
2025-01-24 18:09:26.340 [info] fatal: not a git repository (or any parent up to mount point /)
Stopping at filesystem boundary (GIT_DISCOVERY_ACROSS_FILESYSTEM not set).
2025-01-24 18:09:40.319 [info] > git rev-parse --show-toplevel [1ms]
2025-01-24 18:09:40.319 [info] fatal: not a git repository (or any parent up to mount point /)
Stopping at filesystem boundary (GIT_DISCOVERY_ACROSS_FILESYSTEM not set).
2025-01-24 18:09:46.929 [info] > git rev-parse --show-toplevel [1ms]
2025-01-24 18:09:46.929 [info] fatal: not a git repository (or any parent up to mount point /)
Stopping at filesystem boundary (GIT_DISCOVERY_ACROSS_FILESYSTEM not set).
2025-01-24 18:10:27.678 [info] > git rev-parse --show-toplevel [2ms]
2025-01-24 18:10:27.678 [info] fatal: not a git repository (or any parent up to mount point /)
Stopping at filesystem boundary (GIT_DISCOVERY_ACROSS_FILESYSTEM not set).
2025-01-24 18:10:32.443 [info] > git rev-parse --show-toplevel [1ms]
2025-01-24 18:10:32.443 [info] fatal: not a git repository (or any parent up to mount point /)
Stopping at filesystem boundary (GIT_DISCOVERY_ACROSS_FILESYSTEM not set).
