2025-01-23 17:37:00.217 [info] Extension host with pid 71133 started
2025-01-23 17:37:00.217 [info] Skipping acquiring lock for /home/nik/.config/Code/User/workspaceStorage/66a8b0bf76fe3fbf53622aee459a00c4.
2025-01-23 17:37:00.535 [info] ExtensionService#_doActivateExtension vscode.github-authentication, startup: false, activationEvent: 'onAuthenticationRequest:github'
2025-01-23 17:37:00.565 [info] ExtensionService#_doActivateExtension vscode.emmet, startup: false, activationEvent: 'onLanguage'
2025-01-23 17:37:00.579 [info] ExtensionService#_doActivateExtension ms-python.python, startup: false, activationEvent: 'onLanguage:python', root cause: ms-python.debugpy
2025-01-23 17:37:00.758 [info] ExtensionService#_doActivateExtension ms-toolsai.jupyter, startup: false, activationEvent: 'onLanguage:python'
2025-01-23 17:37:01.059 [info] ExtensionService#_doActivateExtension ms-toolsai.jupyter-renderers, startup: false, activationEvent: 'api', root cause: ms-toolsai.jupyter
2025-01-23 17:37:01.122 [info] ExtensionService#_doActivateExtension ms-python.debugpy, startup: false, activationEvent: 'onLanguage:python'
2025-01-23 17:37:01.166 [info] ExtensionService#_doActivateExtension ms-python.vscode-pylance, startup: false, activationEvent: 'onLanguage:python'
2025-01-23 17:37:01.465 [info] ExtensionService#_doActivateExtension vscode.git-base, startup: true, activationEvent: '*', root cause: vscode.git
2025-01-23 17:37:01.467 [info] ExtensionService#_doActivateExtension be5invis.vscode-custom-css, startup: true, activationEvent: '*'
2025-01-23 17:37:01.489 [info] ExtensionService#_doActivateExtension vscode.git, startup: true, activationEvent: '*'
2025-01-23 17:37:01.538 [info] ExtensionService#_doActivateExtension vscode.github, startup: true, activationEvent: '*'
2025-01-23 17:37:01.627 [info] Eager extensions activated
2025-01-23 17:37:01.669 [info] ExtensionService#_doActivateExtension vscode.debug-auto-launch, startup: false, activationEvent: 'onStartupFinished'
2025-01-23 17:37:01.671 [info] ExtensionService#_doActivateExtension vscode.merge-conflict, startup: false, activationEvent: 'onStartupFinished'
2025-01-23 17:37:01.685 [info] ExtensionService#_doActivateExtension BrandonKirbyson.vscode-animations, startup: false, activationEvent: 'onStartupFinished'
2025-01-23 17:37:01.686 [info] ExtensionService#_doActivateExtension Catppuccin.catppuccin-vsc, startup: false, activationEvent: 'onStartupFinished'
2025-01-23 17:37:01.690 [info] ExtensionService#_doActivateExtension formulahendry.code-runner, startup: false, activationEvent: 'onStartupFinished'
2025-01-23 17:37:01.699 [info] ExtensionService#_doActivateExtension vscodevim.vim, startup: false, activationEvent: 'onStartupFinished'
2025-01-23 17:37:02.827 [error] Error: ENOENT: no such file or directory, open '/home/nik/.config/Code/User/globalStorage/vscodevim.vim/.registers'
2025-01-23 17:42:17.774 [info] Extension host terminating: renderer closed the MessagePort
2025-01-23 17:42:17.788 [info] Extension host with pid 71133 exiting with code 0
