2025-01-25 12:31:18.615 [info] Configuration changed
2025-01-25 12:31:26.552 [info] Active editor: file:///home/nik/.config/hypr/scripts/change_wall.py
2025-01-25 12:31:27.397 [info] Configuration changed
2025-01-25 12:31:55.213 [info] Active editor: file:///home/nik/.config/hypr/scripts/wlogout_wall.py
2025-01-25 12:32:19.344 [info] Active editor: file:///home/nik/.config/wlogout/style.css
2025-01-25 12:32:47.228 [info] Active editor: file:///home/nik/.config/hypr/scripts/wlogout_wall.py
2025-01-25 12:32:48.452 [info] Active editor: file:///home/nik/.config/hypr/scripts/change_wall.py
2025-01-25 12:33:19.712 [info] Active editor: file:///home/nik/.config/hypr/scripts/wlogout_wall.py
2025-01-25 12:33:20.767 [info] Active editor: file:///home/nik/.config/hypr/scripts/change_wall.py
2025-01-25 12:34:25.863 [info] Active editor: file:///home/nik/.config/hypr/hyprpaper.conf
2025-01-25 12:34:46.097 [info] /home/nik/.config/hypr/hyprpaper.conf closed
2025-01-25 12:34:46.099 [info] Active editor: file:///home/nik/.config/hypr/scripts/change_wall.py
2025-01-25 12:34:46.847 [info] Active editor: file:///home/nik/.config/wlogout/style.css
2025-01-25 12:34:48.243 [info] Active editor: file:///home/nik/.config/hypr/scripts/wlogout_wall.py
2025-01-25 12:35:00.615 [info] Active editor: file:///home/nik/.config/hypr/hyprlock.conf
2025-01-25 12:35:36.382 [info] /home/nik/.config/hypr/hyprlock.conf closed
2025-01-25 12:35:36.387 [info] Active editor: file:///home/nik/.config/hypr/scripts/wlogout_wall.py
2025-01-25 12:35:36.962 [info] Active editor: file:///home/nik/.config/wlogout/style.css
2025-01-25 12:35:45.125 [info] /home/nik/.config/wlogout/style.css closed
2025-01-25 12:35:45.128 [info] Active editor: file:///home/nik/.config/hypr/scripts/wlogout_wall.py
2025-01-25 12:35:47.194 [info] /home/nik/.config/hypr/scripts/wlogout_wall.py closed
2025-01-25 12:35:47.197 [info] Active editor: file:///home/nik/.config/hypr/scripts/change_wall.py
2025-01-25 12:35:48.047 [info] /home/nik/.config/hypr/scripts/change_wall.py closed
