2025-01-24 12:41:03.350 [info] [Info  - 12:41:03 PM] (25604) Server root directory: file:///home/nik/.vscode/extensions/ms-python.vscode-pylance-2024.12.1/dist
2025-01-24 12:41:03.351 [info] [Info  - 12:41:03 PM] (25604) Pylance language server 2024.12.1 (pyright version 1.1.389, commit ce1325fc) starting
2025-01-24 12:41:03.351 [info] [Info  - 12:41:03 PM] (25604) Starting service instance "hypr"
2025-01-24 12:41:03.381 [info] [Info  - 12:41:03 PM] (25604) Setting environmentName for service "hypr": "3.13.1 (global)"
2025-01-24 12:41:03.381 [info] [Info  - 12:41:03 PM] (25604) Setting pythonPath for service "hypr": "/bin/python"
2025-01-24 12:41:03.381 [info] [Info  - 12:41:03 PM] (25604) No include entries specified; assuming /home/nik/.config/hypr
2025-01-24 12:41:03.382 [info] [Info  - 12:41:03 PM] (25604) Auto-excluding **/node_modules
2025-01-24 12:41:03.382 [info] [Info  - 12:41:03 PM] (25604) Auto-excluding **/__pycache__
2025-01-24 12:41:03.382 [info] [Info  - 12:41:03 PM] (25604) Auto-excluding **/.*
2025-01-24 12:41:03.403 [info] [Info  - 12:41:03 PM] (25604) Assuming Python version 3.13.1.final.0
2025-01-24 12:41:03.444 [info] [Info  - 12:41:03 PM] (25604) Found 3 source files
2025-01-24 12:41:03.850 [info] [Info  - 12:41:03 PM] (25604) Background analysis(1) root directory: file:///home/nik/.vscode/extensions/ms-python.vscode-pylance-2024.12.1/dist
2025-01-24 12:41:03.852 [info] [Info  - 12:41:03 PM] (25604) Background analysis(1) started
2025-01-24 12:41:03.914 [info] [Info  - 12:41:03 PM] (25604) Indexer background runner(2) root directory: file:///home/nik/.vscode/extensions/ms-python.vscode-pylance-2024.12.1/dist (index)
2025-01-24 12:41:03.914 [info] [Info  - 12:41:03 PM] (25604) Indexing(2) started
2025-01-24 12:41:04.163 [info] [Info  - 12:41:04 PM] (25604) scanned(2) 37 files over 1 exec env
2025-01-24 12:41:04.292 [info] [Info  - 12:41:04 PM] (25604) indexed(2) 37 files over 1 exec env
2025-01-24 12:41:04.308 [info] [Info  - 12:41:04 PM] (25604) Indexing finished(2).
2025-01-24 12:41:13.054 [info] (Client) The existing extension didn't exit within 10 seconds. New instance will start, but you might encounter issues.
2025-01-24 12:41:13.054 [info] (Client) Pylance async client (2024.12.1) started with python extension (2024.22.2)
