2025-02-01 08:25:50.623 [info] [main] Log level: Info
2025-02-01 08:25:50.623 [info] [main] Validating found git in: "git"
2025-02-01 08:25:50.623 [info] [main] Using git "2.48.1" from "git"
2025-02-01 08:25:50.623 [info] [Model][doInitialScan] Initial repository scan started
2025-02-01 08:25:50.623 [info] > git rev-parse --show-toplevel [1ms]
2025-02-01 08:25:50.623 [info] > git rev-parse --git-dir --git-common-dir [116ms]
2025-02-01 08:25:50.623 [info] [Model][openRepository] Opened repository: /home/nik/Documents/CloudNotes
2025-02-01 08:25:50.623 [info] [Model][doInitialScan] Initial repository scan completed - repositories (1), closed repositories (0), parent repositories (0), unsafe repositories (0)
2025-02-01 08:25:50.624 [info] > git config --get commit.template [5ms]
2025-02-01 08:25:50.633 [info] > git for-each-ref --format=%(refname)%00%(upstream:short)%00%(objectname)%00%(upstream:track)%00%(upstream:remotename)%00%(upstream:remoteref) refs/heads/master refs/remotes/master [5ms]
2025-02-01 08:25:50.664 [info] > git status -z -uall [4ms]
2025-02-01 08:25:50.665 [info] > git for-each-ref --sort -committerdate --format %(refname) %(objectname) %(*objectname) [2ms]
2025-02-01 08:25:50.675 [info] > git for-each-ref --format=%(refname)%00%(upstream:short)%00%(objectname)%00%(upstream:track)%00%(upstream:remotename)%00%(upstream:remoteref) refs/heads/master refs/remotes/master [5ms]
2025-02-01 08:25:50.678 [info] > git config --get commit.template [3ms]
2025-02-01 08:25:50.679 [info] > git config --local branch.master.vscode-merge-base [1ms]
2025-02-01 08:25:50.679 [warning] [Git][config] git config failed: Failed to execute git
2025-02-01 08:25:50.685 [info] > git reflog master --grep-reflog=branch: Created from *. [4ms]
2025-02-01 08:25:50.687 [info] > git for-each-ref --format=%(refname)%00%(upstream:short)%00%(objectname)%00%(upstream:track)%00%(upstream:remotename)%00%(upstream:remoteref) refs/heads/master refs/remotes/master [3ms]
2025-02-01 08:25:50.688 [info] > git symbolic-ref --short refs/remotes/origin/HEAD [1ms]
2025-02-01 08:25:50.696 [info] > git status -z -uall [3ms]
2025-02-01 08:25:50.696 [info] > git for-each-ref --format=%(refname)%00%(upstream:short)%00%(objectname)%00%(upstream:track)%00%(upstream:remotename)%00%(upstream:remoteref) refs/heads/origin/master refs/remotes/origin/master [6ms]
2025-02-01 08:25:50.699 [info] > git for-each-ref --sort -committerdate --format %(refname) %(objectname) %(*objectname) [4ms]
2025-02-01 08:25:50.706 [info] > git for-each-ref --format=%(refname)%00%(upstream:short)%00%(objectname)%00%(upstream:track)%00%(upstream:remotename)%00%(upstream:remoteref) refs/heads/master refs/remotes/master [4ms]
2025-02-01 08:25:50.709 [info] > git config --local branch.master.vscode-merge-base origin/master [11ms]
2025-02-01 08:25:50.713 [info] > git config --local branch.master.vscode-merge-base [4ms]
2025-02-01 08:25:50.716 [info] > git config --get commit.template [4ms]
2025-02-01 08:25:50.719 [info] > git for-each-ref --format=%(refname)%00%(upstream:short)%00%(objectname)%00%(upstream:track)%00%(upstream:remotename)%00%(upstream:remoteref) refs/heads/origin/master refs/remotes/origin/master [3ms]
2025-02-01 08:25:50.730 [info] > git merge-base refs/heads/master refs/remotes/origin/master [7ms]
2025-02-01 08:25:50.733 [info] > git for-each-ref --format=%(refname)%00%(upstream:short)%00%(objectname)%00%(upstream:track)%00%(upstream:remotename)%00%(upstream:remoteref) refs/heads/master refs/remotes/master [14ms]
2025-02-01 08:25:50.739 [info] > git status -z -uall [3ms]
2025-02-01 08:25:50.739 [info] > git diff --name-status -z --diff-filter=ADMR 5e0e6ba837b0ad5275084e3e4ba0e80a81af5a21...refs/remotes/origin/master [6ms]
2025-02-01 08:25:50.740 [info] > git for-each-ref --sort -committerdate --format %(refname) %(objectname) %(*objectname) [2ms]
2025-02-01 08:25:51.103 [info] > git check-ignore -v -z --stdin [2ms]
2025-02-01 08:25:51.790 [info] > git config --get commit.template [5ms]
2025-02-01 08:25:51.791 [info] > git for-each-ref --format=%(refname)%00%(upstream:short)%00%(objectname)%00%(upstream:track)%00%(upstream:remotename)%00%(upstream:remoteref) refs/heads/master refs/remotes/master [2ms]
2025-02-01 08:25:51.799 [info] > git status -z -uall [3ms]
2025-02-01 08:25:51.800 [info] > git for-each-ref --sort -committerdate --format %(refname) %(objectname) %(*objectname) [1ms]
2025-02-01 08:25:55.460 [info] > git show --textconv :Python Notes.py [44ms]
2025-02-01 08:25:55.460 [info] > git ls-files --stage -- /home/nik/Documents/CloudNotes/Python Notes.py [42ms]
2025-02-01 08:25:55.465 [info] > git cat-file -s 9e92baa23f89d894e90ba0e88995aa017f164fa6 [2ms]
2025-02-01 08:25:56.357 [info] > git show --textconv :git_access_through_cmd.txt [5ms]
2025-02-01 08:25:56.358 [info] > git ls-files --stage -- /home/nik/Documents/CloudNotes/git_access_through_cmd.txt [1ms]
2025-02-01 08:25:56.364 [info] > git cat-file -s cf8ee568f1b6828d1465b228c94345e7b7eb6691 [2ms]
2025-02-01 08:25:57.473 [info] > git show --textconv :Dark Mode.txt [6ms]
2025-02-01 08:25:57.474 [info] > git ls-files --stage -- /home/nik/Documents/CloudNotes/Dark Mode.txt [2ms]
2025-02-01 08:25:57.480 [info] > git cat-file -s 9fce75fcf2bf1c0b1dec0333a18d9e862e3d2e06 [1ms]
