2025-02-02 12:23:34.214 [info] [main] Log level: Info
2025-02-02 12:23:34.214 [info] [main] Validating found git in: "git"
2025-02-02 12:23:34.214 [info] [main] Using git "2.48.1" from "git"
2025-02-02 12:23:34.214 [info] [Model][doInitialScan] Initial repository scan started
2025-02-02 12:23:34.214 [info] > git rev-parse --show-toplevel [2ms]
2025-02-02 12:23:34.214 [info] > git rev-parse --git-dir --git-common-dir [2ms]
2025-02-02 12:23:34.222 [info] [Model][openRepository] Opened repository: /home/nik/Documents/CloudNotes
2025-02-02 12:23:34.225 [info] [Model][doInitialScan] Initial repository scan completed - repositories (1), closed repositories (0), parent repositories (0), unsafe repositories (0)
2025-02-02 12:23:34.348 [info] > git config --get commit.template [118ms]
2025-02-02 12:23:34.382 [info] > git for-each-ref --format=%(refname)%00%(upstream:short)%00%(objectname)%00%(upstream:track)%00%(upstream:remotename)%00%(upstream:remoteref) refs/heads/master refs/remotes/master [3ms]
2025-02-02 12:23:34.404 [info] > git status -z -uall [4ms]
2025-02-02 12:23:34.405 [info] > git for-each-ref --sort -committerdate --format %(refname) %(objectname) %(*objectname) [2ms]
2025-02-02 12:23:34.415 [info] > git for-each-ref --format=%(refname)%00%(upstream:short)%00%(objectname)%00%(upstream:track)%00%(upstream:remotename)%00%(upstream:remoteref) refs/heads/master refs/remotes/master [5ms]
2025-02-02 12:23:34.422 [info] > git config --local branch.master.vscode-merge-base [5ms]
2025-02-02 12:23:34.425 [info] > git config --get commit.template [10ms]
2025-02-02 12:23:34.428 [info] > git for-each-ref --format=%(refname)%00%(upstream:short)%00%(objectname)%00%(upstream:track)%00%(upstream:remotename)%00%(upstream:remoteref) refs/heads/origin/master refs/remotes/origin/master [4ms]
2025-02-02 12:23:34.437 [info] > git merge-base refs/heads/master refs/remotes/origin/master [6ms]
2025-02-02 12:23:34.440 [info] > git for-each-ref --format=%(refname)%00%(upstream:short)%00%(objectname)%00%(upstream:track)%00%(upstream:remotename)%00%(upstream:remoteref) refs/heads/master refs/remotes/master [12ms]
2025-02-02 12:23:34.441 [info] > git diff --name-status -z --diff-filter=ADMR 5e0e6ba837b0ad5275084e3e4ba0e80a81af5a21...refs/remotes/origin/master [1ms]
2025-02-02 12:23:34.446 [info] > git status -z -uall [2ms]
2025-02-02 12:23:34.447 [info] > git for-each-ref --sort -committerdate --format %(refname) %(objectname) %(*objectname) [1ms]
2025-02-02 12:23:34.582 [info] > git show --textconv :Dark Mode.txt [10ms]
2025-02-02 12:23:34.583 [info] > git ls-files --stage -- /home/nik/Documents/CloudNotes/Dark Mode.txt [6ms]
2025-02-02 12:23:34.588 [info] > git cat-file -s 9fce75fcf2bf1c0b1dec0333a18d9e862e3d2e06 [1ms]
2025-02-02 12:23:34.858 [info] > git check-ignore -v -z --stdin [2ms]
